<!DOCTYPE html PUBLIC "-//W3C//DTD XHTML 1.1//EN" "https://www.w3.org/TR/xhtml11/DTD/xhtml11.dtd">
<html xmlns="https://www.w3.org/1999/xhtml">
<head>
<meta http-equiv="content-type" content="text/html; charset=UTF-8"/>
<title>TestNG Report</title>
<style type="text/css">table {margin-bottom:10px;border-collapse:collapse;empty-cells:show}th,td {border:1px solid #009;padding:.25em .5em}th {vertical-align:bottom}td {vertical-align:top}table a {font-weight:bold}.stripe td {background-color: #E6EBF9}.num {text-align:right}.passedodd td {background-color: #3F3}.passedeven td {background-color: #0A0}.skippedodd td {background-color: #DDD}.skippedeven td {background-color: #CCC}.failedodd td,.attn {background-color: #F33}.failedeven td,.stripe .attn {background-color: #D00}.stacktrace {white-space:pre;font-family:monospace}.totop {font-size:85%;text-align:center;border-bottom:2px solid #000}.invisible {display:none}</style>
</head>
<body>
<table>
<tr><th>Test</th><th># Passed</th><th># Skipped</th><th># Retried</th><th># Failed</th><th>Time (ms)</th><th>Included Groups</th><th>Excluded Groups</th></tr>
<tr><th colspan="8">Automation Practice Suite</th></tr>
<tr><td><a href="#t0">Editors Pick</a></td><td class="num">0</td><td class="num">0</td><td class="num">0</td><td class="num attn">1</td><td class="num">7,523</td><td></td><td></td></tr>
<tr class="stripe"><td><a href="#t1">FeaturedTopics</a></td><td class="num">0</td><td class="num">0</td><td class="num">0</td><td class="num attn">1</td><td class="num">5,179</td><td></td><td></td></tr>
<tr><td><a href="#t2">HealthlineLogo</a></td><td class="num">0</td><td class="num">0</td><td class="num">0</td><td class="num attn">1</td><td class="num">10,881</td><td></td><td></td></tr>
<tr class="stripe"><td><a href="#t3">HealthTopics</a></td><td class="num">0</td><td class="num">0</td><td class="num">0</td><td class="num attn">2</td><td class="num">37,909</td><td></td><td></td></tr>
<tr><td><a href="#t4">Latest Stories</a></td><td class="num">0</td><td class="num">0</td><td class="num">0</td><td class="num attn">1</td><td class="num">25,161</td><td></td><td></td></tr>
<tr class="stripe"><td><a href="#t5">Search Bar</a></td><td class="num">0</td><td class="num attn">1</td><td class="num">0</td><td class="num">0</td><td class="num">7,370</td><td></td><td></td></tr>
<tr><td><a href="#t6">Subscribe</a></td><td class="num">0</td><td class="num attn">2</td><td class="num">0</td><td class="num">0</td><td class="num">7,483</td><td></td><td></td></tr>
<tr class="stripe"><td><a href="#t7">Trending Post</a></td><td class="num">0</td><td class="num attn">1</td><td class="num">0</td><td class="num">0</td><td class="num">7,305</td><td></td><td></td></tr>
<tr><th>Total</th><th class="num">0</th><th class="num attn">4</th><th class="num">0</th><th class="num attn">6</th><th class="num">108,811</th><th colspan="2"></th></tr>
</table>
<table id='summary'><thead><tr><th>Class</th><th>Method</th><th>Start</th><th>Time (ms)</th></tr></thead><tbody><tr><th colspan="4">Automation Practice Suite</th></tr></tbody><tbody id="t0"><tr><th colspan="4">Editors Pick &#8212; failed</th></tr><tr class="failedeven"><td rowspan="1">com.healthline.testscripts.EditorsPick</td><td><a href="#m0">editorsPickWork</a></td><td rowspan="1">1617704334307</td><td rowspan="1">2157</td></tr></tbody>
<tbody id="t1"><tr><th colspan="4">FeaturedTopics &#8212; failed</th></tr><tr class="failedeven"><td rowspan="1">com.healthline.testscripts.FeaturedTopics</td><td><a href="#m1">featuredTopicsWork</a></td><td rowspan="1">1617704340678</td><td rowspan="1">1109</td></tr></tbody>
<tbody id="t2"><tr><th colspan="4">HealthlineLogo &#8212; failed</th></tr><tr class="failedeven"><td rowspan="1">com.healthline.testscripts.HealthlineLogo</td><td><a href="#m2">clickFunctionalityOfHealthlineLogo</a></td><td rowspan="1">1617704346037</td><td rowspan="1">6113</td></tr></tbody>
<tbody id="t3"><tr><th colspan="4">HealthTopics &#8212; failed</th></tr><tr class="failedeven"><td rowspan="2">com.healthline.testscripts.HealthTopics</td><td><a href="#m3">healthTopicsWithInvalidEmail</a></td><td rowspan="1">1617704356899</td><td rowspan="1">9870</td></tr><tr class="failedeven"><td><a href="#m4">healthTopicsWithValidEmail</a></td><td rowspan="1">1617704384553</td><td rowspan="1">6068</td></tr></tbody>
<tbody id="t4"><tr><th colspan="4">Latest Stories &#8212; failed</th></tr><tr class="failedeven"><td rowspan="1">com.healthline.testscripts.LatestStories</td><td><a href="#m5">latestStories</a></td><td rowspan="1">1617704394922</td><td rowspan="1">9113</td></tr></tbody>
<tbody id="t5"><tr><th colspan="4">Search Bar &#8212; failed (configuration methods)</th></tr><tr class="failedeven"><td rowspan="1">com.healthline.testscripts.SearchBar</td><td><a href="#m6">beforeMethod</a></td><td rowspan="1">1617704416277</td><td rowspan="1">7349</td></tr><tr><th colspan="4">Search Bar &#8212; skipped (configuration methods)</th></tr><tr class="skippedeven"><td rowspan="1">com.healthline.testscripts.SearchBar</td><td><a href="#m7">afterMethod</a></td><td rowspan="1">1617704423639</td><td rowspan="1">-1617704423639</td></tr><tr><th colspan="4">Search Bar &#8212; skipped</th></tr><tr class="skippedeven"><td rowspan="1">com.healthline.testscripts.SearchBar</td><td><a href="#m8">searchBar</a></td><td rowspan="1">1617704423634</td><td rowspan="1">0</td></tr></tbody>
<tbody id="t6"><tr><th colspan="4">Subscribe &#8212; failed (configuration methods)</th></tr><tr class="failedeven"><td rowspan="1">com.healthline.testscripts.Subscribe</td><td><a href="#m9">beforeMethod</a></td><td rowspan="1">1617704423672</td><td rowspan="1">7451</td></tr><tr><th colspan="4">Subscribe &#8212; skipped (configuration methods)</th></tr><tr class="skippedeven"><td rowspan="3">com.healthline.testscripts.Subscribe</td><td><a href="#m10">afterMethod</a></td><td rowspan="2">1617704431139</td><td rowspan="2">-1617704431139</td></tr><tr class="skippedeven"><td><a href="#m11">afterMethod</a></td></tr><tr class="skippedeven"><td><a href="#m12">beforeMethod</a></td><td rowspan="1">1617704431143</td><td rowspan="1">-1617704431143</td></tr><tr><th colspan="4">Subscribe &#8212; skipped</th></tr><tr class="skippedeven"><td rowspan="2">com.healthline.testscripts.Subscribe</td><td><a href="#m13">subscribeFunctionalityWithInvalidEmail</a></td><td rowspan="1">1617704431147</td><td rowspan="1">0</td></tr><tr class="skippedeven"><td><a href="#m14">subscribeFunctionalityWithValidEmail</a></td><td rowspan="1">1617704431134</td><td rowspan="1">0</td></tr></tbody>
<tbody id="t7"><tr><th colspan="4">Trending Post &#8212; failed (configuration methods)</th></tr><tr class="failedeven"><td rowspan="1">com.healthline.testscripts.TrendingPost</td><td><a href="#m15">beforeMethod</a></td><td rowspan="1">1617704431191</td><td rowspan="1">7292</td></tr><tr><th colspan="4">Trending Post &#8212; skipped (configuration methods)</th></tr><tr class="skippedeven"><td rowspan="1">com.healthline.testscripts.TrendingPost</td><td><a href="#m16">afterMethod</a></td><td rowspan="1">1617704438491</td><td rowspan="1">-1617704438491</td></tr><tr><th colspan="4">Trending Post &#8212; skipped</th></tr><tr class="skippedeven"><td rowspan="1">com.healthline.testscripts.TrendingPost</td><td><a href="#m17">trendingPostFunctionality</a></td><td rowspan="1">1617704438487</td><td rowspan="1">0</td></tr></tbody>
</table>
<h2>Editors Pick</h2><h3 id="m0">com.healthline.testscripts.EditorsPick#editorsPickWork</h3><table class="result"><tr><th>Exception</th></tr><tr><td><div class="stacktrace">org.openqa.selenium.NoSuchElementException: Cannot locate an element using xpath=//button[@class=&apos;accept css-143g64q&apos;]
For documentation on this error, please visit: https://www.seleniumhq.org/exceptions/no_such_element.html
Build info: version: &apos;3.141.59&apos;, revision: &apos;e82be7d358&apos;, time: &apos;2018-11-14T08:17:03&apos;
System info: host: &apos;DSK-323&apos;, ip: &apos;10.0.1.64&apos;, os.name: &apos;Windows 10&apos;, os.arch: &apos;amd64&apos;, os.version: &apos;10.0&apos;, java.version: &apos;16&apos;
Driver info: driver.version: RemoteWebDriver
	at org.openqa.selenium.remote.RemoteWebDriver.findElement(RemoteWebDriver.java:327)
	at org.openqa.selenium.remote.RemoteWebDriver.findElementByXPath(RemoteWebDriver.java:428)
	at org.openqa.selenium.By$ByXPath.findElement(By.java:353)
	at org.openqa.selenium.remote.RemoteWebDriver.findElement(RemoteWebDriver.java:315)
	at org.openqa.selenium.support.pagefactory.DefaultElementLocator.findElement(DefaultElementLocator.java:69)
	at org.openqa.selenium.support.pagefactory.internal.LocatingElementHandler.invoke(LocatingElementHandler.java:38)
	at jdk.proxy2/jdk.proxy2.$Proxy14.click(Unknown Source)
	at com.page.object.model.EditorsPickPOM.workingOfEditorsPickLocators(EditorsPickPOM.java:18)
	at com.healthline.testscripts.EditorsPick.editorsPickWork(EditorsPick.java:33)
	at java.base/java.util.ArrayList.forEach(ArrayList.java:1511)
... Removed 27 stack frames</div></td></tr></table><p class="totop"><a href="#summary">back to summary</a></p>
<h2>FeaturedTopics</h2><h3 id="m1">com.healthline.testscripts.FeaturedTopics#featuredTopicsWork</h3><table class="result"><tr><th>Exception</th></tr><tr><td><div class="stacktrace">org.openqa.selenium.NoSuchWindowException: no such window: target window already closed
from unknown error: web view not found
  (Session info: chrome=89.0.4389.114)
Build info: version: &apos;3.141.59&apos;, revision: &apos;e82be7d358&apos;, time: &apos;2018-11-14T08:17:03&apos;
System info: host: &apos;DSK-323&apos;, ip: &apos;10.0.1.64&apos;, os.name: &apos;Windows 10&apos;, os.arch: &apos;amd64&apos;, os.version: &apos;10.0&apos;, java.version: &apos;16&apos;
Driver info: org.openqa.selenium.chrome.ChromeDriver
Capabilities {acceptInsecureCerts: false, browserName: chrome, browserVersion: 89.0.4389.114, chrome: {chromedriverVersion: 88.0.4324.96 (68dba2d8a0b14..., userDataDir: C:\Users\VANSHI~1.JOU\AppDa...}, goog:chromeOptions: {debuggerAddress: localhost:65255}, javascriptEnabled: true, networkConnectionEnabled: false, pageLoadStrategy: normal, platform: WINDOWS, platformName: WINDOWS, proxy: Proxy(), setWindowRect: true, strictFileInteractability: false, timeouts: {implicit: 0, pageLoad: 300000, script: 30000}, unhandledPromptBehavior: dismiss and notify, webauthn:extension:largeBlob: true, webauthn:virtualAuthenticators: true}
Session ID: eeb4594a4c0997d52f83c3a2f869e22c
*** Element info: {Using=xpath, value=//div[@class=&apos;css-if9915&apos;]//div[@class=&apos;css-1z98t3&apos;]/ul/li[1]/a
}
	at org.openqa.selenium.remote.http.W3CHttpResponseCodec.createException(W3CHttpResponseCodec.java:187)
	at org.openqa.selenium.remote.http.W3CHttpResponseCodec.decode(W3CHttpResponseCodec.java:122)
	at org.openqa.selenium.remote.http.W3CHttpResponseCodec.decode(W3CHttpResponseCodec.java:49)
	at org.openqa.selenium.remote.HttpCommandExecutor.execute(HttpCommandExecutor.java:158)
	at org.openqa.selenium.remote.service.DriverCommandExecutor.execute(DriverCommandExecutor.java:83)
	at org.openqa.selenium.remote.RemoteWebDriver.execute(RemoteWebDriver.java:552)
	at org.openqa.selenium.remote.RemoteWebDriver.findElement(RemoteWebDriver.java:323)
	at org.openqa.selenium.remote.RemoteWebDriver.findElementByXPath(RemoteWebDriver.java:428)
	at org.openqa.selenium.By$ByXPath.findElement(By.java:353)
	at org.openqa.selenium.remote.RemoteWebDriver.findElement(RemoteWebDriver.java:315)
	at org.openqa.selenium.support.pagefactory.DefaultElementLocator.findElement(DefaultElementLocator.java:69)
	at org.openqa.selenium.support.pagefactory.internal.LocatingElementHandler.invoke(LocatingElementHandler.java:38)
	at jdk.proxy2/jdk.proxy2.$Proxy14.click(Unknown Source)
	at com.page.object.model.FeaturedTopicsPOM.workingOfFeaturedTopics(FeaturedTopicsPOM.java:21)
	at com.healthline.testscripts.FeaturedTopics.featuredTopicsWork(FeaturedTopics.java:36)
	at java.base/java.util.ArrayList.forEach(ArrayList.java:1511)
... Removed 32 stack frames</div></td></tr></table><p class="totop"><a href="#summary">back to summary</a></p>
<h2>HealthlineLogo</h2><h3 id="m2">com.healthline.testscripts.HealthlineLogo#clickFunctionalityOfHealthlineLogo</h3><table class="result"><tr><th>Messages</th></tr><tr><td><div class="messages"><br>----------Screenshot---------<br><br/><img src="./failure_screenshots/clickFunctionalityOfHealthlineLogo_06_04_2021_03_49_12.png" height="600" width="800"></div></td></tr><tr><th>Exception</th></tr><tr><td><div class="stacktrace">org.openqa.selenium.NoSuchElementException: no such element: Unable to locate element: {&quot;method&quot;:&quot;xpath&quot;,&quot;selector&quot;:&quot;//ul[@class=&apos;css-q8m3bq&apos;]/li[1]&quot;}
  (Session info: chrome=89.0.4389.114)
For documentation on this error, please visit: https://www.seleniumhq.org/exceptions/no_such_element.html
Build info: version: &apos;3.141.59&apos;, revision: &apos;e82be7d358&apos;, time: &apos;2018-11-14T08:17:03&apos;
System info: host: &apos;DSK-323&apos;, ip: &apos;10.0.1.64&apos;, os.name: &apos;Windows 10&apos;, os.arch: &apos;amd64&apos;, os.version: &apos;10.0&apos;, java.version: &apos;16&apos;
Driver info: org.openqa.selenium.chrome.ChromeDriver
Capabilities {acceptInsecureCerts: false, browserName: chrome, browserVersion: 89.0.4389.114, chrome: {chromedriverVersion: 88.0.4324.96 (68dba2d8a0b14..., userDataDir: C:\Users\VANSHI~1.JOU\AppDa...}, goog:chromeOptions: {debuggerAddress: localhost:65276}, javascriptEnabled: true, networkConnectionEnabled: false, pageLoadStrategy: normal, platform: WINDOWS, platformName: WINDOWS, proxy: Proxy(), setWindowRect: true, strictFileInteractability: false, timeouts: {implicit: 0, pageLoad: 300000, script: 30000}, unhandledPromptBehavior: dismiss and notify, webauthn:extension:largeBlob: true, webauthn:virtualAuthenticators: true}
Session ID: 49d674bc0061a4e9ff90ca255509f9f6
*** Element info: {Using=xpath, value=//ul[@class=&apos;css-q8m3bq&apos;]/li[1]}
	at org.openqa.selenium.remote.http.W3CHttpResponseCodec.createException(W3CHttpResponseCodec.java:187)
	at org.openqa.selenium.remote.http.W3CHttpResponseCodec.decode(W3CHttpResponseCodec.java:122)
	at org.openqa.selenium.remote.http.W3CHttpResponseCodec.decode(W3CHttpResponseCodec.java:49)
	at org.openqa.selenium.remote.HttpCommandExecutor.execute(HttpCommandExecutor.java:158)
	at org.openqa.selenium.remote.service.DriverCommandExecutor.execute(DriverCommandExecutor.java:83)
	at org.openqa.selenium.remote.RemoteWebDriver.execute(RemoteWebDriver.java:552)
	at org.openqa.selenium.remote.RemoteWebDriver.findElement(RemoteWebDriver.java:323)
	at org.openqa.selenium.remote.RemoteWebDriver.findElementByXPath(RemoteWebDriver.java:428)
	at org.openqa.selenium.By$ByXPath.findElement(By.java:353)
	at org.openqa.selenium.remote.RemoteWebDriver.findElement(RemoteWebDriver.java:315)
	at org.openqa.selenium.support.pagefactory.DefaultElementLocator.findElement(DefaultElementLocator.java:69)
	at org.openqa.selenium.support.pagefactory.internal.LocatingElementHandler.invoke(LocatingElementHandler.java:38)
	at jdk.proxy2/jdk.proxy2.$Proxy14.click(Unknown Source)
	at com.page.object.model.HealthlineLogoPOM.workOfHealthlineLogo(HealthlineLogoPOM.java:22)
	at com.healthline.testscripts.HealthlineLogo.clickFunctionalityOfHealthlineLogo(HealthlineLogo.java:23)
	at java.base/java.util.ArrayList.forEach(ArrayList.java:1511)
... Removed 32 stack frames</div></td></tr></table><p class="totop"><a href="#summary">back to summary</a></p>
<h2>HealthTopics</h2><h3 id="m3">com.healthline.testscripts.HealthTopics#healthTopicsWithInvalidEmail</h3><table class="result"><tr class="param"><th>Parameter #1</th></tr><tr class="param stripe"><td>test.com</td></tr><tr><th>Exception</th></tr><tr><td><div class="stacktrace">org.openqa.selenium.NoSuchElementException: Cannot locate an element using xpath=//button[@data-auto=&apos;header-menu&apos;]
For documentation on this error, please visit: https://www.seleniumhq.org/exceptions/no_such_element.html
Build info: version: &apos;3.141.59&apos;, revision: &apos;e82be7d358&apos;, time: &apos;2018-11-14T08:17:03&apos;
System info: host: &apos;DSK-323&apos;, ip: &apos;10.0.1.64&apos;, os.name: &apos;Windows 10&apos;, os.arch: &apos;amd64&apos;, os.version: &apos;10.0&apos;, java.version: &apos;16&apos;
Driver info: driver.version: RemoteWebDriver
	at org.openqa.selenium.remote.RemoteWebDriver.findElement(RemoteWebDriver.java:327)
	at org.openqa.selenium.remote.RemoteWebDriver.findElementByXPath(RemoteWebDriver.java:428)
	at org.openqa.selenium.By$ByXPath.findElement(By.java:353)
	at org.openqa.selenium.remote.RemoteWebDriver.findElement(RemoteWebDriver.java:315)
	at org.openqa.selenium.support.pagefactory.DefaultElementLocator.findElement(DefaultElementLocator.java:69)
	at org.openqa.selenium.support.pagefactory.internal.LocatingElementHandler.invoke(LocatingElementHandler.java:38)
	at jdk.proxy2/jdk.proxy2.$Proxy14.click(Unknown Source)
	at com.page.object.model.HealthTopicsPOM.workingOfHealthTopics(HealthTopicsPOM.java:21)
	at com.healthline.testscripts.HealthTopics.healthTopicsWithInvalidEmail(HealthTopics.java:43)
	at java.base/java.util.ArrayList.forEach(ArrayList.java:1511)
... Removed 27 stack frames</div></td></tr></table><p class="totop"><a href="#summary">back to summary</a></p>
<h3 id="m4">com.healthline.testscripts.HealthTopics#healthTopicsWithValidEmail</h3><table class="result"><tr class="param"><th>Parameter #1</th></tr><tr class="param stripe"><td>test@gmail.com</td></tr><tr><th>Messages</th></tr><tr><td><div class="messages"><br>----------Screenshot---------<br><br/><img src="./failure_screenshots/healthTopicsWithValidEmail_06_04_2021_03_49_50.png" height="600" width="800"></div></td></tr><tr><th>Exception</th></tr><tr><td><div class="stacktrace">org.openqa.selenium.NoSuchElementException: no such element: Unable to locate element: {&quot;method&quot;:&quot;xpath&quot;,&quot;selector&quot;:&quot;//button[@data-auto=&apos;header-menu&apos;]&quot;}
  (Session info: chrome=89.0.4389.114)
For documentation on this error, please visit: https://www.seleniumhq.org/exceptions/no_such_element.html
Build info: version: &apos;3.141.59&apos;, revision: &apos;e82be7d358&apos;, time: &apos;2018-11-14T08:17:03&apos;
System info: host: &apos;DSK-323&apos;, ip: &apos;10.0.1.64&apos;, os.name: &apos;Windows 10&apos;, os.arch: &apos;amd64&apos;, os.version: &apos;10.0&apos;, java.version: &apos;16&apos;
Driver info: org.openqa.selenium.chrome.ChromeDriver
Capabilities {acceptInsecureCerts: false, browserName: chrome, browserVersion: 89.0.4389.114, chrome: {chromedriverVersion: 88.0.4324.96 (68dba2d8a0b14..., userDataDir: C:\Users\VANSHI~1.JOU\AppDa...}, goog:chromeOptions: {debuggerAddress: localhost:65350}, javascriptEnabled: true, networkConnectionEnabled: false, pageLoadStrategy: normal, platform: WINDOWS, platformName: WINDOWS, proxy: Proxy(), setWindowRect: true, strictFileInteractability: false, timeouts: {implicit: 0, pageLoad: 300000, script: 30000}, unhandledPromptBehavior: dismiss and notify, webauthn:extension:largeBlob: true, webauthn:virtualAuthenticators: true}
Session ID: bb2f04a326a8af00bf1ad1e3fe78a144
*** Element info: {Using=xpath, value=//button[@data-auto=&apos;header-menu&apos;]}
	at org.openqa.selenium.remote.http.W3CHttpResponseCodec.createException(W3CHttpResponseCodec.java:187)
	at org.openqa.selenium.remote.http.W3CHttpResponseCodec.decode(W3CHttpResponseCodec.java:122)
	at org.openqa.selenium.remote.http.W3CHttpResponseCodec.decode(W3CHttpResponseCodec.java:49)
	at org.openqa.selenium.remote.HttpCommandExecutor.execute(HttpCommandExecutor.java:158)
	at org.openqa.selenium.remote.service.DriverCommandExecutor.execute(DriverCommandExecutor.java:83)
	at org.openqa.selenium.remote.RemoteWebDriver.execute(RemoteWebDriver.java:552)
	at org.openqa.selenium.remote.RemoteWebDriver.findElement(RemoteWebDriver.java:323)
	at org.openqa.selenium.remote.RemoteWebDriver.findElementByXPath(RemoteWebDriver.java:428)
	at org.openqa.selenium.By$ByXPath.findElement(By.java:353)
	at org.openqa.selenium.remote.RemoteWebDriver.findElement(RemoteWebDriver.java:315)
	at org.openqa.selenium.support.pagefactory.DefaultElementLocator.findElement(DefaultElementLocator.java:69)
	at org.openqa.selenium.support.pagefactory.internal.LocatingElementHandler.invoke(LocatingElementHandler.java:38)
	at jdk.proxy2/jdk.proxy2.$Proxy14.click(Unknown Source)
	at com.page.object.model.HealthTopicsPOM.workingOfHealthTopics(HealthTopicsPOM.java:21)
	at com.healthline.testscripts.HealthTopics.healthTopicsWithValidEmail(HealthTopics.java:49)
	at java.base/java.util.ArrayList.forEach(ArrayList.java:1511)
... Removed 32 stack frames</div></td></tr></table><p class="totop"><a href="#summary">back to summary</a></p>
<h2>Latest Stories</h2><h3 id="m5">com.healthline.testscripts.LatestStories#latestStories</h3><table class="result"><tr><th>Exception</th></tr><tr><td><div class="stacktrace">org.openqa.selenium.NoSuchElementException: Cannot locate an element using xpath=//li[@class=&apos;css-a4lyxf&apos;]/div
For documentation on this error, please visit: https://www.seleniumhq.org/exceptions/no_such_element.html
Build info: version: &apos;3.141.59&apos;, revision: &apos;e82be7d358&apos;, time: &apos;2018-11-14T08:17:03&apos;
System info: host: &apos;DSK-323&apos;, ip: &apos;10.0.1.64&apos;, os.name: &apos;Windows 10&apos;, os.arch: &apos;amd64&apos;, os.version: &apos;10.0&apos;, java.version: &apos;16&apos;
Driver info: driver.version: RemoteWebDriver
	at org.openqa.selenium.remote.RemoteWebDriver.findElement(RemoteWebDriver.java:327)
	at org.openqa.selenium.remote.RemoteWebDriver.findElementByXPath(RemoteWebDriver.java:428)
	at org.openqa.selenium.By$ByXPath.findElement(By.java:353)
	at org.openqa.selenium.remote.RemoteWebDriver.findElement(RemoteWebDriver.java:315)
	at org.openqa.selenium.support.pagefactory.DefaultElementLocator.findElement(DefaultElementLocator.java:69)
	at org.openqa.selenium.support.pagefactory.internal.LocatingElementHandler.invoke(LocatingElementHandler.java:38)
	at jdk.proxy2/jdk.proxy2.$Proxy14.click(Unknown Source)
	at com.page.object.model.LatestStoriesPOM.workingOfLatestStories(LatestStoriesPOM.java:23)
	at com.healthline.testscripts.LatestStories.latestStories(LatestStories.java:32)
	at java.base/java.util.ArrayList.forEach(ArrayList.java:1511)
... Removed 27 stack frames</div></td></tr></table><p class="totop"><a href="#summary">back to summary</a></p>
<h2>Search Bar</h2><h3 id="m6">com.healthline.testscripts.SearchBar#beforeMethod</h3><table class="result"><tr class="param"><th>Parameter #1</th><th>Parameter #2</th></tr><tr class="param stripe"><td>chrome</td><td>https://www.healthline.com/</td></tr><tr><th colspan="2">Messages</th></tr><tr><td colspan="2"><div class="messages"><b>Starting browser : chrome</b> <br /></div></td></tr><tr><th colspan="2">Exception</th></tr><tr><td colspan="2"><div class="stacktrace">org.openqa.selenium.WebDriverException: unknown error: Chrome failed to start: exited normally.
  (chrome not reachable)
  (The process started from chrome location C:\Program Files (x86)\Google\Chrome\Application\chrome.exe is no longer running, so ChromeDriver is assuming that Chrome has crashed.)
Build info: version: &apos;3.141.59&apos;, revision: &apos;e82be7d358&apos;, time: &apos;2018-11-14T08:17:03&apos;
System info: host: &apos;DSK-323&apos;, ip: &apos;10.0.1.64&apos;, os.name: &apos;Windows 10&apos;, os.arch: &apos;amd64&apos;, os.version: &apos;10.0&apos;, java.version: &apos;16&apos;
Driver info: driver.version: ChromeDriver
remote stacktrace: Backtrace:
	GetHandleVerifier [0x00A3B963+483]
	GetHandleVerifier [0x00A3B941+449]
	GetHandleVerifier [0x00DE3308+3832712]
	GetHandleVerifier [0x00DF9FA6+3926054]
	GetHandleVerifier [0x00DF7D9C+3917340]
	GetHandleVerifier [0x00E1E7FE+4075646]
	GetHandleVerifier [0x00E1E56C+4074988]
	GetHandleVerifier [0x00E1B2EB+4062059]
	GetHandleVerifier [0x00DFED14+3945876]
	GetHandleVerifier [0x00DFFBCE+3949646]
	GetHandleVerifier [0x00DFFB59+3949529]
	Ordinal0 [0x009FB5CC+46540]
	Ordinal0 [0x009F9F53+40787]
	Ordinal0 [0x009F9B12+39698]
	GetHandleVerifier [0x00D01468+2907368]
	GetHandleVerifier [0x00B471EE+1096302]
	GetHandleVerifier [0x00B03E8D+821005]
	GetHandleVerifier [0x00B0396B+819691]
	GetHandleVerifier [0x00B03881+819457]
	GetHandleVerifier [0x00B2F463+998627]
	BaseThreadInitThunk [0x75EFFA29+25]
	RtlGetAppContainerNamedObjectPath [0x774476B4+228]
	RtlGetAppContainerNamedObjectPath [0x77447684+180]

	at org.openqa.selenium.remote.W3CHandshakeResponse.lambda$errorHandler$0(W3CHandshakeResponse.java:62)
	at org.openqa.selenium.remote.HandshakeResponse.lambda$getResponseFunction$0(HandshakeResponse.java:30)
	at org.openqa.selenium.remote.ProtocolHandshake.lambda$createSession$0(ProtocolHandshake.java:126)
	at java.base/java.util.stream.ReferencePipeline$3$1.accept(ReferencePipeline.java:197)
	at java.base/java.util.Spliterators$ArraySpliterator.tryAdvance(Spliterators.java:958)
	at java.base/java.util.stream.ReferencePipeline.forEachWithCancel(ReferencePipeline.java:129)
	at java.base/java.util.stream.AbstractPipeline.copyIntoWithCancel(AbstractPipeline.java:502)
	at java.base/java.util.stream.AbstractPipeline.copyInto(AbstractPipeline.java:488)
	at java.base/java.util.stream.AbstractPipeline.wrapAndCopyInto(AbstractPipeline.java:474)
	at java.base/java.util.stream.FindOps$FindOp.evaluateSequential(FindOps.java:150)
	at java.base/java.util.stream.AbstractPipeline.evaluate(AbstractPipeline.java:234)
	at java.base/java.util.stream.ReferencePipeline.findFirst(ReferencePipeline.java:647)
	at org.openqa.selenium.remote.ProtocolHandshake.createSession(ProtocolHandshake.java:128)
	at org.openqa.selenium.remote.ProtocolHandshake.createSession(ProtocolHandshake.java:74)
	at org.openqa.selenium.remote.HttpCommandExecutor.execute(HttpCommandExecutor.java:136)
	at org.openqa.selenium.remote.service.DriverCommandExecutor.execute(DriverCommandExecutor.java:83)
	at org.openqa.selenium.remote.RemoteWebDriver.execute(RemoteWebDriver.java:552)
	at org.openqa.selenium.remote.RemoteWebDriver.startSession(RemoteWebDriver.java:213)
	at org.openqa.selenium.remote.RemoteWebDriver.&lt;init&gt;(RemoteWebDriver.java:131)
	at org.openqa.selenium.chrome.ChromeDriver.&lt;init&gt;(ChromeDriver.java:181)
	at org.openqa.selenium.chrome.ChromeDriver.&lt;init&gt;(ChromeDriver.java:168)
	at org.openqa.selenium.chrome.ChromeDriver.&lt;init&gt;(ChromeDriver.java:123)
	at utils.SetupEnvironment.driverReturn(SetupEnvironment.java:26)
	at com.healthline.testscripts.SearchBar.beforeMethod(SearchBar.java:17)
	at java.base/java.util.ArrayList.forEach(ArrayList.java:1511)
... Removed 36 stack frames</div></td></tr></table><p class="totop"><a href="#summary">back to summary</a></p>
<h3 id="m7">com.healthline.testscripts.SearchBar#afterMethod</h3><table class="result"><tr><th class="invisible"/></tr></table><p class="totop"><a href="#summary">back to summary</a></p>
<h3 id="m8">com.healthline.testscripts.SearchBar#searchBar</h3><table class="result"><tr><th>Exception</th></tr><tr><td><div class="stacktrace">org.openqa.selenium.WebDriverException: unknown error: Chrome failed to start: exited normally.
  (chrome not reachable)
  (The process started from chrome location C:\Program Files (x86)\Google\Chrome\Application\chrome.exe is no longer running, so ChromeDriver is assuming that Chrome has crashed.)
Build info: version: &apos;3.141.59&apos;, revision: &apos;e82be7d358&apos;, time: &apos;2018-11-14T08:17:03&apos;
System info: host: &apos;DSK-323&apos;, ip: &apos;10.0.1.64&apos;, os.name: &apos;Windows 10&apos;, os.arch: &apos;amd64&apos;, os.version: &apos;10.0&apos;, java.version: &apos;16&apos;
Driver info: driver.version: ChromeDriver
remote stacktrace: Backtrace:
	GetHandleVerifier [0x00A3B963+483]
	GetHandleVerifier [0x00A3B941+449]
	GetHandleVerifier [0x00DE3308+3832712]
	GetHandleVerifier [0x00DF9FA6+3926054]
	GetHandleVerifier [0x00DF7D9C+3917340]
	GetHandleVerifier [0x00E1E7FE+4075646]
	GetHandleVerifier [0x00E1E56C+4074988]
	GetHandleVerifier [0x00E1B2EB+4062059]
	GetHandleVerifier [0x00DFED14+3945876]
	GetHandleVerifier [0x00DFFBCE+3949646]
	GetHandleVerifier [0x00DFFB59+3949529]
	Ordinal0 [0x009FB5CC+46540]
	Ordinal0 [0x009F9F53+40787]
	Ordinal0 [0x009F9B12+39698]
	GetHandleVerifier [0x00D01468+2907368]
	GetHandleVerifier [0x00B471EE+1096302]
	GetHandleVerifier [0x00B03E8D+821005]
	GetHandleVerifier [0x00B0396B+819691]
	GetHandleVerifier [0x00B03881+819457]
	GetHandleVerifier [0x00B2F463+998627]
	BaseThreadInitThunk [0x75EFFA29+25]
	RtlGetAppContainerNamedObjectPath [0x774476B4+228]
	RtlGetAppContainerNamedObjectPath [0x77447684+180]

	at org.openqa.selenium.remote.W3CHandshakeResponse.lambda$errorHandler$0(W3CHandshakeResponse.java:62)
	at org.openqa.selenium.remote.HandshakeResponse.lambda$getResponseFunction$0(HandshakeResponse.java:30)
	at org.openqa.selenium.remote.ProtocolHandshake.lambda$createSession$0(ProtocolHandshake.java:126)
	at java.base/java.util.stream.ReferencePipeline$3$1.accept(ReferencePipeline.java:197)
	at java.base/java.util.Spliterators$ArraySpliterator.tryAdvance(Spliterators.java:958)
	at java.base/java.util.stream.ReferencePipeline.forEachWithCancel(ReferencePipeline.java:129)
	at java.base/java.util.stream.AbstractPipeline.copyIntoWithCancel(AbstractPipeline.java:502)
	at java.base/java.util.stream.AbstractPipeline.copyInto(AbstractPipeline.java:488)
	at java.base/java.util.stream.AbstractPipeline.wrapAndCopyInto(AbstractPipeline.java:474)
	at java.base/java.util.stream.FindOps$FindOp.evaluateSequential(FindOps.java:150)
	at java.base/java.util.stream.AbstractPipeline.evaluate(AbstractPipeline.java:234)
	at java.base/java.util.stream.ReferencePipeline.findFirst(ReferencePipeline.java:647)
	at org.openqa.selenium.remote.ProtocolHandshake.createSession(ProtocolHandshake.java:128)
	at org.openqa.selenium.remote.ProtocolHandshake.createSession(ProtocolHandshake.java:74)
	at org.openqa.selenium.remote.HttpCommandExecutor.execute(HttpCommandExecutor.java:136)
	at org.openqa.selenium.remote.service.DriverCommandExecutor.execute(DriverCommandExecutor.java:83)
	at org.openqa.selenium.remote.RemoteWebDriver.execute(RemoteWebDriver.java:552)
	at org.openqa.selenium.remote.RemoteWebDriver.startSession(RemoteWebDriver.java:213)
	at org.openqa.selenium.remote.RemoteWebDriver.&lt;init&gt;(RemoteWebDriver.java:131)
	at org.openqa.selenium.chrome.ChromeDriver.&lt;init&gt;(ChromeDriver.java:181)
	at org.openqa.selenium.chrome.ChromeDriver.&lt;init&gt;(ChromeDriver.java:168)
	at org.openqa.selenium.chrome.ChromeDriver.&lt;init&gt;(ChromeDriver.java:123)
	at utils.SetupEnvironment.driverReturn(SetupEnvironment.java:26)
	at com.healthline.testscripts.SearchBar.beforeMethod(SearchBar.java:17)
	at java.base/java.util.ArrayList.forEach(ArrayList.java:1511)
... Removed 36 stack frames</div></td></tr></table><p class="totop"><a href="#summary">back to summary</a></p>
<h2>Subscribe</h2><h3 id="m9">com.healthline.testscripts.Subscribe#beforeMethod</h3><table class="result"><tr class="param"><th>Parameter #1</th><th>Parameter #2</th></tr><tr class="param stripe"><td>chrome</td><td>https://www.healthline.com/</td></tr><tr><th colspan="2">Messages</th></tr><tr><td colspan="2"><div class="messages"><b>Starting browser : chrome</b> <br /></div></td></tr><tr><th colspan="2">Exception</th></tr><tr><td colspan="2"><div class="stacktrace">org.openqa.selenium.WebDriverException: unknown error: Chrome failed to start: exited normally.
  (chrome not reachable)
  (The process started from chrome location C:\Program Files (x86)\Google\Chrome\Application\chrome.exe is no longer running, so ChromeDriver is assuming that Chrome has crashed.)
Build info: version: &apos;3.141.59&apos;, revision: &apos;e82be7d358&apos;, time: &apos;2018-11-14T08:17:03&apos;
System info: host: &apos;DSK-323&apos;, ip: &apos;10.0.1.64&apos;, os.name: &apos;Windows 10&apos;, os.arch: &apos;amd64&apos;, os.version: &apos;10.0&apos;, java.version: &apos;16&apos;
Driver info: driver.version: ChromeDriver
remote stacktrace: Backtrace:
	GetHandleVerifier [0x00A3B963+483]
	GetHandleVerifier [0x00A3B941+449]
	GetHandleVerifier [0x00DE3308+3832712]
	GetHandleVerifier [0x00DF9FA6+3926054]
	GetHandleVerifier [0x00DF7D9C+3917340]
	GetHandleVerifier [0x00E1E7FE+4075646]
	GetHandleVerifier [0x00E1E56C+4074988]
	GetHandleVerifier [0x00E1B2EB+4062059]
	GetHandleVerifier [0x00DFED14+3945876]
	GetHandleVerifier [0x00DFFBCE+3949646]
	GetHandleVerifier [0x00DFFB59+3949529]
	Ordinal0 [0x009FB5CC+46540]
	Ordinal0 [0x009F9F53+40787]
	Ordinal0 [0x009F9B12+39698]
	GetHandleVerifier [0x00D01468+2907368]
	GetHandleVerifier [0x00B471EE+1096302]
	GetHandleVerifier [0x00B03E8D+821005]
	GetHandleVerifier [0x00B0396B+819691]
	GetHandleVerifier [0x00B03881+819457]
	GetHandleVerifier [0x00B2F463+998627]
	BaseThreadInitThunk [0x75EFFA29+25]
	RtlGetAppContainerNamedObjectPath [0x774476B4+228]
	RtlGetAppContainerNamedObjectPath [0x77447684+180]

	at org.openqa.selenium.remote.W3CHandshakeResponse.lambda$errorHandler$0(W3CHandshakeResponse.java:62)
	at org.openqa.selenium.remote.HandshakeResponse.lambda$getResponseFunction$0(HandshakeResponse.java:30)
	at org.openqa.selenium.remote.ProtocolHandshake.lambda$createSession$0(ProtocolHandshake.java:126)
	at java.base/java.util.stream.ReferencePipeline$3$1.accept(ReferencePipeline.java:197)
	at java.base/java.util.Spliterators$ArraySpliterator.tryAdvance(Spliterators.java:958)
	at java.base/java.util.stream.ReferencePipeline.forEachWithCancel(ReferencePipeline.java:129)
	at java.base/java.util.stream.AbstractPipeline.copyIntoWithCancel(AbstractPipeline.java:502)
	at java.base/java.util.stream.AbstractPipeline.copyInto(AbstractPipeline.java:488)
	at java.base/java.util.stream.AbstractPipeline.wrapAndCopyInto(AbstractPipeline.java:474)
	at java.base/java.util.stream.FindOps$FindOp.evaluateSequential(FindOps.java:150)
	at java.base/java.util.stream.AbstractPipeline.evaluate(AbstractPipeline.java:234)
	at java.base/java.util.stream.ReferencePipeline.findFirst(ReferencePipeline.java:647)
	at org.openqa.selenium.remote.ProtocolHandshake.createSession(ProtocolHandshake.java:128)
	at org.openqa.selenium.remote.ProtocolHandshake.createSession(ProtocolHandshake.java:74)
	at org.openqa.selenium.remote.HttpCommandExecutor.execute(HttpCommandExecutor.java:136)
	at org.openqa.selenium.remote.service.DriverCommandExecutor.execute(DriverCommandExecutor.java:83)
	at org.openqa.selenium.remote.RemoteWebDriver.execute(RemoteWebDriver.java:552)
	at org.openqa.selenium.remote.RemoteWebDriver.startSession(RemoteWebDriver.java:213)
	at org.openqa.selenium.remote.RemoteWebDriver.&lt;init&gt;(RemoteWebDriver.java:131)
	at org.openqa.selenium.chrome.ChromeDriver.&lt;init&gt;(ChromeDriver.java:181)
	at org.openqa.selenium.chrome.ChromeDriver.&lt;init&gt;(ChromeDriver.java:168)
	at org.openqa.selenium.chrome.ChromeDriver.&lt;init&gt;(ChromeDriver.java:123)
	at utils.SetupEnvironment.driverReturn(SetupEnvironment.java:26)
	at com.healthline.testscripts.Subscribe.beforeMethod(Subscribe.java:38)
	at java.base/java.util.ArrayList.forEach(ArrayList.java:1511)
... Removed 36 stack frames</div></td></tr></table><p class="totop"><a href="#summary">back to summary</a></p>
<h3 id="m10">com.healthline.testscripts.Subscribe#afterMethod</h3><table class="result"><tr><th class="invisible"/></tr></table><p class="totop"><a href="#summary">back to summary</a></p>
<h3 id="m11">com.healthline.testscripts.Subscribe#afterMethod</h3><table class="result"><tr><th class="invisible"/></tr></table><p class="totop"><a href="#summary">back to summary</a></p>
<h3 id="m12">com.healthline.testscripts.Subscribe#beforeMethod</h3><table class="result"><tr><th class="invisible"/></tr></table><p class="totop"><a href="#summary">back to summary</a></p>
<h3 id="m13">com.healthline.testscripts.Subscribe#subscribeFunctionalityWithInvalidEmail</h3><table class="result"><tr class="param"><th>Parameter #1</th></tr><tr class="param stripe"><td>test.com</td></tr><tr><th>Exception</th></tr><tr><td><div class="stacktrace">org.openqa.selenium.WebDriverException: unknown error: Chrome failed to start: exited normally.
  (chrome not reachable)
  (The process started from chrome location C:\Program Files (x86)\Google\Chrome\Application\chrome.exe is no longer running, so ChromeDriver is assuming that Chrome has crashed.)
Build info: version: &apos;3.141.59&apos;, revision: &apos;e82be7d358&apos;, time: &apos;2018-11-14T08:17:03&apos;
System info: host: &apos;DSK-323&apos;, ip: &apos;10.0.1.64&apos;, os.name: &apos;Windows 10&apos;, os.arch: &apos;amd64&apos;, os.version: &apos;10.0&apos;, java.version: &apos;16&apos;
Driver info: driver.version: ChromeDriver
remote stacktrace: Backtrace:
	GetHandleVerifier [0x00A3B963+483]
	GetHandleVerifier [0x00A3B941+449]
	GetHandleVerifier [0x00DE3308+3832712]
	GetHandleVerifier [0x00DF9FA6+3926054]
	GetHandleVerifier [0x00DF7D9C+3917340]
	GetHandleVerifier [0x00E1E7FE+4075646]
	GetHandleVerifier [0x00E1E56C+4074988]
	GetHandleVerifier [0x00E1B2EB+4062059]
	GetHandleVerifier [0x00DFED14+3945876]
	GetHandleVerifier [0x00DFFBCE+3949646]
	GetHandleVerifier [0x00DFFB59+3949529]
	Ordinal0 [0x009FB5CC+46540]
	Ordinal0 [0x009F9F53+40787]
	Ordinal0 [0x009F9B12+39698]
	GetHandleVerifier [0x00D01468+2907368]
	GetHandleVerifier [0x00B471EE+1096302]
	GetHandleVerifier [0x00B03E8D+821005]
	GetHandleVerifier [0x00B0396B+819691]
	GetHandleVerifier [0x00B03881+819457]
	GetHandleVerifier [0x00B2F463+998627]
	BaseThreadInitThunk [0x75EFFA29+25]
	RtlGetAppContainerNamedObjectPath [0x774476B4+228]
	RtlGetAppContainerNamedObjectPath [0x77447684+180]

	at org.openqa.selenium.remote.W3CHandshakeResponse.lambda$errorHandler$0(W3CHandshakeResponse.java:62)
	at org.openqa.selenium.remote.HandshakeResponse.lambda$getResponseFunction$0(HandshakeResponse.java:30)
	at org.openqa.selenium.remote.ProtocolHandshake.lambda$createSession$0(ProtocolHandshake.java:126)
	at java.base/java.util.stream.ReferencePipeline$3$1.accept(ReferencePipeline.java:197)
	at java.base/java.util.Spliterators$ArraySpliterator.tryAdvance(Spliterators.java:958)
	at java.base/java.util.stream.ReferencePipeline.forEachWithCancel(ReferencePipeline.java:129)
	at java.base/java.util.stream.AbstractPipeline.copyIntoWithCancel(AbstractPipeline.java:502)
	at java.base/java.util.stream.AbstractPipeline.copyInto(AbstractPipeline.java:488)
	at java.base/java.util.stream.AbstractPipeline.wrapAndCopyInto(AbstractPipeline.java:474)
	at java.base/java.util.stream.FindOps$FindOp.evaluateSequential(FindOps.java:150)
	at java.base/java.util.stream.AbstractPipeline.evaluate(AbstractPipeline.java:234)
	at java.base/java.util.stream.ReferencePipeline.findFirst(ReferencePipeline.java:647)
	at org.openqa.selenium.remote.ProtocolHandshake.createSession(ProtocolHandshake.java:128)
	at org.openqa.selenium.remote.ProtocolHandshake.createSession(ProtocolHandshake.java:74)
	at org.openqa.selenium.remote.HttpCommandExecutor.execute(HttpCommandExecutor.java:136)
	at org.openqa.selenium.remote.service.DriverCommandExecutor.execute(DriverCommandExecutor.java:83)
	at org.openqa.selenium.remote.RemoteWebDriver.execute(RemoteWebDriver.java:552)
	at org.openqa.selenium.remote.RemoteWebDriver.startSession(RemoteWebDriver.java:213)
	at org.openqa.selenium.remote.RemoteWebDriver.&lt;init&gt;(RemoteWebDriver.java:131)
	at org.openqa.selenium.chrome.ChromeDriver.&lt;init&gt;(ChromeDriver.java:181)
	at org.openqa.selenium.chrome.ChromeDriver.&lt;init&gt;(ChromeDriver.java:168)
	at org.openqa.selenium.chrome.ChromeDriver.&lt;init&gt;(ChromeDriver.java:123)
	at utils.SetupEnvironment.driverReturn(SetupEnvironment.java:26)
	at com.healthline.testscripts.Subscribe.beforeMethod(Subscribe.java:38)
	at java.base/java.util.ArrayList.forEach(ArrayList.java:1511)
... Removed 36 stack frames</div></td></tr></table><p class="totop"><a href="#summary">back to summary</a></p>
<h3 id="m14">com.healthline.testscripts.Subscribe#subscribeFunctionalityWithValidEmail</h3><table class="result"><tr class="param"><th>Parameter #1</th></tr><tr class="param stripe"><td>test@gmail.com</td></tr><tr><th>Exception</th></tr><tr><td><div class="stacktrace">org.openqa.selenium.WebDriverException: unknown error: Chrome failed to start: exited normally.
  (chrome not reachable)
  (The process started from chrome location C:\Program Files (x86)\Google\Chrome\Application\chrome.exe is no longer running, so ChromeDriver is assuming that Chrome has crashed.)
Build info: version: &apos;3.141.59&apos;, revision: &apos;e82be7d358&apos;, time: &apos;2018-11-14T08:17:03&apos;
System info: host: &apos;DSK-323&apos;, ip: &apos;10.0.1.64&apos;, os.name: &apos;Windows 10&apos;, os.arch: &apos;amd64&apos;, os.version: &apos;10.0&apos;, java.version: &apos;16&apos;
Driver info: driver.version: ChromeDriver
remote stacktrace: Backtrace:
	GetHandleVerifier [0x00A3B963+483]
	GetHandleVerifier [0x00A3B941+449]
	GetHandleVerifier [0x00DE3308+3832712]
	GetHandleVerifier [0x00DF9FA6+3926054]
	GetHandleVerifier [0x00DF7D9C+3917340]
	GetHandleVerifier [0x00E1E7FE+4075646]
	GetHandleVerifier [0x00E1E56C+4074988]
	GetHandleVerifier [0x00E1B2EB+4062059]
	GetHandleVerifier [0x00DFED14+3945876]
	GetHandleVerifier [0x00DFFBCE+3949646]
	GetHandleVerifier [0x00DFFB59+3949529]
	Ordinal0 [0x009FB5CC+46540]
	Ordinal0 [0x009F9F53+40787]
	Ordinal0 [0x009F9B12+39698]
	GetHandleVerifier [0x00D01468+2907368]
	GetHandleVerifier [0x00B471EE+1096302]
	GetHandleVerifier [0x00B03E8D+821005]
	GetHandleVerifier [0x00B0396B+819691]
	GetHandleVerifier [0x00B03881+819457]
	GetHandleVerifier [0x00B2F463+998627]
	BaseThreadInitThunk [0x75EFFA29+25]
	RtlGetAppContainerNamedObjectPath [0x774476B4+228]
	RtlGetAppContainerNamedObjectPath [0x77447684+180]

	at org.openqa.selenium.remote.W3CHandshakeResponse.lambda$errorHandler$0(W3CHandshakeResponse.java:62)
	at org.openqa.selenium.remote.HandshakeResponse.lambda$getResponseFunction$0(HandshakeResponse.java:30)
	at org.openqa.selenium.remote.ProtocolHandshake.lambda$createSession$0(ProtocolHandshake.java:126)
	at java.base/java.util.stream.ReferencePipeline$3$1.accept(ReferencePipeline.java:197)
	at java.base/java.util.Spliterators$ArraySpliterator.tryAdvance(Spliterators.java:958)
	at java.base/java.util.stream.ReferencePipeline.forEachWithCancel(ReferencePipeline.java:129)
	at java.base/java.util.stream.AbstractPipeline.copyIntoWithCancel(AbstractPipeline.java:502)
	at java.base/java.util.stream.AbstractPipeline.copyInto(AbstractPipeline.java:488)
	at java.base/java.util.stream.AbstractPipeline.wrapAndCopyInto(AbstractPipeline.java:474)
	at java.base/java.util.stream.FindOps$FindOp.evaluateSequential(FindOps.java:150)
	at java.base/java.util.stream.AbstractPipeline.evaluate(AbstractPipeline.java:234)
	at java.base/java.util.stream.ReferencePipeline.findFirst(ReferencePipeline.java:647)
	at org.openqa.selenium.remote.ProtocolHandshake.createSession(ProtocolHandshake.java:128)
	at org.openqa.selenium.remote.ProtocolHandshake.createSession(ProtocolHandshake.java:74)
	at org.openqa.selenium.remote.HttpCommandExecutor.execute(HttpCommandExecutor.java:136)
	at org.openqa.selenium.remote.service.DriverCommandExecutor.execute(DriverCommandExecutor.java:83)
	at org.openqa.selenium.remote.RemoteWebDriver.execute(RemoteWebDriver.java:552)
	at org.openqa.selenium.remote.RemoteWebDriver.startSession(RemoteWebDriver.java:213)
	at org.openqa.selenium.remote.RemoteWebDriver.&lt;init&gt;(RemoteWebDriver.java:131)
	at org.openqa.selenium.chrome.ChromeDriver.&lt;init&gt;(ChromeDriver.java:181)
	at org.openqa.selenium.chrome.ChromeDriver.&lt;init&gt;(ChromeDriver.java:168)
	at org.openqa.selenium.chrome.ChromeDriver.&lt;init&gt;(ChromeDriver.java:123)
	at utils.SetupEnvironment.driverReturn(SetupEnvironment.java:26)
	at com.healthline.testscripts.Subscribe.beforeMethod(Subscribe.java:38)
	at java.base/java.util.ArrayList.forEach(ArrayList.java:1511)
... Removed 36 stack frames</div></td></tr></table><p class="totop"><a href="#summary">back to summary</a></p>
<h2>Trending Post</h2><h3 id="m15">com.healthline.testscripts.TrendingPost#beforeMethod</h3><table class="result"><tr class="param"><th>Parameter #1</th><th>Parameter #2</th></tr><tr class="param stripe"><td>chrome</td><td>https://www.healthline.com/</td></tr><tr><th colspan="2">Messages</th></tr><tr><td colspan="2"><div class="messages"><b>Starting browser : chrome</b> <br /></div></td></tr><tr><th colspan="2">Exception</th></tr><tr><td colspan="2"><div class="stacktrace">org.openqa.selenium.WebDriverException: unknown error: Chrome failed to start: exited normally.
  (chrome not reachable)
  (The process started from chrome location C:\Program Files (x86)\Google\Chrome\Application\chrome.exe is no longer running, so ChromeDriver is assuming that Chrome has crashed.)
Build info: version: &apos;3.141.59&apos;, revision: &apos;e82be7d358&apos;, time: &apos;2018-11-14T08:17:03&apos;
System info: host: &apos;DSK-323&apos;, ip: &apos;10.0.1.64&apos;, os.name: &apos;Windows 10&apos;, os.arch: &apos;amd64&apos;, os.version: &apos;10.0&apos;, java.version: &apos;16&apos;
Driver info: driver.version: ChromeDriver
remote stacktrace: Backtrace:
	GetHandleVerifier [0x00A3B963+483]
	GetHandleVerifier [0x00A3B941+449]
	GetHandleVerifier [0x00DE3308+3832712]
	GetHandleVerifier [0x00DF9FA6+3926054]
	GetHandleVerifier [0x00DF7D9C+3917340]
	GetHandleVerifier [0x00E1E7FE+4075646]
	GetHandleVerifier [0x00E1E56C+4074988]
	GetHandleVerifier [0x00E1B2EB+4062059]
	GetHandleVerifier [0x00DFED14+3945876]
	GetHandleVerifier [0x00DFFBCE+3949646]
	GetHandleVerifier [0x00DFFB59+3949529]
	Ordinal0 [0x009FB5CC+46540]
	Ordinal0 [0x009F9F53+40787]
	Ordinal0 [0x009F9B12+39698]
	GetHandleVerifier [0x00D01468+2907368]
	GetHandleVerifier [0x00B471EE+1096302]
	GetHandleVerifier [0x00B03E8D+821005]
	GetHandleVerifier [0x00B0396B+819691]
	GetHandleVerifier [0x00B03881+819457]
	GetHandleVerifier [0x00B2F463+998627]
	BaseThreadInitThunk [0x75EFFA29+25]
	RtlGetAppContainerNamedObjectPath [0x774476B4+228]
	RtlGetAppContainerNamedObjectPath [0x77447684+180]

	at org.openqa.selenium.remote.W3CHandshakeResponse.lambda$errorHandler$0(W3CHandshakeResponse.java:62)
	at org.openqa.selenium.remote.HandshakeResponse.lambda$getResponseFunction$0(HandshakeResponse.java:30)
	at org.openqa.selenium.remote.ProtocolHandshake.lambda$createSession$0(ProtocolHandshake.java:126)
	at java.base/java.util.stream.ReferencePipeline$3$1.accept(ReferencePipeline.java:197)
	at java.base/java.util.Spliterators$ArraySpliterator.tryAdvance(Spliterators.java:958)
	at java.base/java.util.stream.ReferencePipeline.forEachWithCancel(ReferencePipeline.java:129)
	at java.base/java.util.stream.AbstractPipeline.copyIntoWithCancel(AbstractPipeline.java:502)
	at java.base/java.util.stream.AbstractPipeline.copyInto(AbstractPipeline.java:488)
	at java.base/java.util.stream.AbstractPipeline.wrapAndCopyInto(AbstractPipeline.java:474)
	at java.base/java.util.stream.FindOps$FindOp.evaluateSequential(FindOps.java:150)
	at java.base/java.util.stream.AbstractPipeline.evaluate(AbstractPipeline.java:234)
	at java.base/java.util.stream.ReferencePipeline.findFirst(ReferencePipeline.java:647)
	at org.openqa.selenium.remote.ProtocolHandshake.createSession(ProtocolHandshake.java:128)
	at org.openqa.selenium.remote.ProtocolHandshake.createSession(ProtocolHandshake.java:74)
	at org.openqa.selenium.remote.HttpCommandExecutor.execute(HttpCommandExecutor.java:136)
	at org.openqa.selenium.remote.service.DriverCommandExecutor.execute(DriverCommandExecutor.java:83)
	at org.openqa.selenium.remote.RemoteWebDriver.execute(RemoteWebDriver.java:552)
	at org.openqa.selenium.remote.RemoteWebDriver.startSession(RemoteWebDriver.java:213)
	at org.openqa.selenium.remote.RemoteWebDriver.&lt;init&gt;(RemoteWebDriver.java:131)
	at org.openqa.selenium.chrome.ChromeDriver.&lt;init&gt;(ChromeDriver.java:181)
	at org.openqa.selenium.chrome.ChromeDriver.&lt;init&gt;(ChromeDriver.java:168)
	at org.openqa.selenium.chrome.ChromeDriver.&lt;init&gt;(ChromeDriver.java:123)
	at utils.SetupEnvironment.driverReturn(SetupEnvironment.java:26)
	at com.healthline.testscripts.TrendingPost.beforeMethod(TrendingPost.java:24)
	at java.base/java.util.ArrayList.forEach(ArrayList.java:1511)
... Removed 36 stack frames</div></td></tr></table><p class="totop"><a href="#summary">back to summary</a></p>
<h3 id="m16">com.healthline.testscripts.TrendingPost#afterMethod</h3><table class="result"><tr><th class="invisible"/></tr></table><p class="totop"><a href="#summary">back to summary</a></p>
<h3 id="m17">com.healthline.testscripts.TrendingPost#trendingPostFunctionality</h3><table class="result"><tr><th>Exception</th></tr><tr><td><div class="stacktrace">org.openqa.selenium.WebDriverException: unknown error: Chrome failed to start: exited normally.
  (chrome not reachable)
  (The process started from chrome location C:\Program Files (x86)\Google\Chrome\Application\chrome.exe is no longer running, so ChromeDriver is assuming that Chrome has crashed.)
Build info: version: &apos;3.141.59&apos;, revision: &apos;e82be7d358&apos;, time: &apos;2018-11-14T08:17:03&apos;
System info: host: &apos;DSK-323&apos;, ip: &apos;10.0.1.64&apos;, os.name: &apos;Windows 10&apos;, os.arch: &apos;amd64&apos;, os.version: &apos;10.0&apos;, java.version: &apos;16&apos;
Driver info: driver.version: ChromeDriver
remote stacktrace: Backtrace:
	GetHandleVerifier [0x00A3B963+483]
	GetHandleVerifier [0x00A3B941+449]
	GetHandleVerifier [0x00DE3308+3832712]
	GetHandleVerifier [0x00DF9FA6+3926054]
	GetHandleVerifier [0x00DF7D9C+3917340]
	GetHandleVerifier [0x00E1E7FE+4075646]
	GetHandleVerifier [0x00E1E56C+4074988]
	GetHandleVerifier [0x00E1B2EB+4062059]
	GetHandleVerifier [0x00DFED14+3945876]
	GetHandleVerifier [0x00DFFBCE+3949646]
	GetHandleVerifier [0x00DFFB59+3949529]
	Ordinal0 [0x009FB5CC+46540]
	Ordinal0 [0x009F9F53+40787]
	Ordinal0 [0x009F9B12+39698]
	GetHandleVerifier [0x00D01468+2907368]
	GetHandleVerifier [0x00B471EE+1096302]
	GetHandleVerifier [0x00B03E8D+821005]
	GetHandleVerifier [0x00B0396B+819691]
	GetHandleVerifier [0x00B03881+819457]
	GetHandleVerifier [0x00B2F463+998627]
	BaseThreadInitThunk [0x75EFFA29+25]
	RtlGetAppContainerNamedObjectPath [0x774476B4+228]
	RtlGetAppContainerNamedObjectPath [0x77447684+180]

	at org.openqa.selenium.remote.W3CHandshakeResponse.lambda$errorHandler$0(W3CHandshakeResponse.java:62)
	at org.openqa.selenium.remote.HandshakeResponse.lambda$getResponseFunction$0(HandshakeResponse.java:30)
	at org.openqa.selenium.remote.ProtocolHandshake.lambda$createSession$0(ProtocolHandshake.java:126)
	at java.base/java.util.stream.ReferencePipeline$3$1.accept(ReferencePipeline.java:197)
	at java.base/java.util.Spliterators$ArraySpliterator.tryAdvance(Spliterators.java:958)
	at java.base/java.util.stream.ReferencePipeline.forEachWithCancel(ReferencePipeline.java:129)
	at java.base/java.util.stream.AbstractPipeline.copyIntoWithCancel(AbstractPipeline.java:502)
	at java.base/java.util.stream.AbstractPipeline.copyInto(AbstractPipeline.java:488)
	at java.base/java.util.stream.AbstractPipeline.wrapAndCopyInto(AbstractPipeline.java:474)
	at java.base/java.util.stream.FindOps$FindOp.evaluateSequential(FindOps.java:150)
	at java.base/java.util.stream.AbstractPipeline.evaluate(AbstractPipeline.java:234)
	at java.base/java.util.stream.ReferencePipeline.findFirst(ReferencePipeline.java:647)
	at org.openqa.selenium.remote.ProtocolHandshake.createSession(ProtocolHandshake.java:128)
	at org.openqa.selenium.remote.ProtocolHandshake.createSession(ProtocolHandshake.java:74)
	at org.openqa.selenium.remote.HttpCommandExecutor.execute(HttpCommandExecutor.java:136)
	at org.openqa.selenium.remote.service.DriverCommandExecutor.execute(DriverCommandExecutor.java:83)
	at org.openqa.selenium.remote.RemoteWebDriver.execute(RemoteWebDriver.java:552)
	at org.openqa.selenium.remote.RemoteWebDriver.startSession(RemoteWebDriver.java:213)
	at org.openqa.selenium.remote.RemoteWebDriver.&lt;init&gt;(RemoteWebDriver.java:131)
	at org.openqa.selenium.chrome.ChromeDriver.&lt;init&gt;(ChromeDriver.java:181)
	at org.openqa.selenium.chrome.ChromeDriver.&lt;init&gt;(ChromeDriver.java:168)
	at org.openqa.selenium.chrome.ChromeDriver.&lt;init&gt;(ChromeDriver.java:123)
	at utils.SetupEnvironment.driverReturn(SetupEnvironment.java:26)
	at com.healthline.testscripts.TrendingPost.beforeMethod(TrendingPost.java:24)
	at java.base/java.util.ArrayList.forEach(ArrayList.java:1511)
... Removed 36 stack frames</div></td></tr></table><p class="totop"><a href="#summary">back to summary</a></p>
</body>
</html>
