<!DOCTYPE html>

<html>
  <head>
  <meta charset='utf-8'>
  <title>TestNG reports</title>

    <link type="text/css" href="testng-reports1.css" rel="stylesheet" id="ultra" />
    <link type="text/css" href="testng-reports.css" rel="stylesheet" id="retro" disabled="false"/>
    <script type="text/javascript" src="jquery-3.4.1.min.js"></script>
    <script type="text/javascript" src="testng-reports.js"></script>
    <script type="text/javascript" src="https://www.google.com/jsapi"></script>
    <script type='text/javascript'>
      google.load('visualization', '1', {packages:['table']});
      google.setOnLoadCallback(drawTable);
      var suiteTableInitFunctions = new Array();
      var suiteTableData = new Array();
    </script>
    <!--
      <script type="text/javascript" src="jquery-ui/js/jquery-ui-1.8.16.custom.min.js"></script>
     -->
  </head>

  <body>
    <div class="top-banner-root">
      <span class="top-banner-title-font">Test results</span>
      <button id="button" class="button">Switch Retro Theme</button> <!-- button -->
      <br/>
      <span class="top-banner-font-1">1 suite, 6 failed tests</span>
    </div> <!-- top-banner-root -->
    <div class="navigator-root">
      <div class="navigator-suite-header">
        <span>All suites</span>
        <a href="#" title="Collapse/expand all the suites" class="collapse-all-link">
          <img src="collapseall.gif" class="collapse-all-icon">
          </img> <!-- collapse-all-icon -->
        </a> <!-- collapse-all-link -->
      </div> <!-- navigator-suite-header -->
      <div class="suite">
        <div class="rounded-window">
          <div class="suite-header light-rounded-window-top">
            <a href="#" panel-name="suite-Automation_Practice_Suite" class="navigator-link">
              <span class="suite-name border-failed">Automation Practice Suite</span>
            </a> <!-- navigator-link -->
          </div> <!-- suite-header light-rounded-window-top -->
          <div class="navigator-suite-content">
            <div class="suite-section-title">
              <span>Info</span>
            </div> <!-- suite-section-title -->
            <div class="suite-section-content">
              <ul>
                <li>
                  <a href="#" panel-name="test-xml-Automation_Practice_Suite" class="navigator-link ">
                    <span>C:\Users\vanshika.joukani\git\FinalProject\HealthlineAndAutomation\testng_HealthLine.xml</span>
                  </a> <!-- navigator-link  -->
                </li>
                <li>
                  <a href="#" panel-name="testlist-Automation_Practice_Suite" class="navigator-link ">
                    <span class="test-stats">8 tests</span>
                  </a> <!-- navigator-link  -->
                </li>
                <li>
                  <a href="#" panel-name="group-Automation_Practice_Suite" class="navigator-link ">
                    <span>0 groups</span>
                  </a> <!-- navigator-link  -->
                </li>
                <li>
                  <a href="#" panel-name="times-Automation_Practice_Suite" class="navigator-link ">
                    <span>Times</span>
                  </a> <!-- navigator-link  -->
                </li>
                <li>
                  <a href="#" panel-name="reporter-Automation_Practice_Suite" class="navigator-link ">
                    <span>Reporter output</span>
                  </a> <!-- navigator-link  -->
                </li>
                <li>
                  <a href="#" panel-name="ignored-methods-Automation_Practice_Suite" class="navigator-link ">
                    <span>Ignored methods</span>
                  </a> <!-- navigator-link  -->
                </li>
                <li>
                  <a href="#" panel-name="chronological-Automation_Practice_Suite" class="navigator-link ">
                    <span>Chronological view</span>
                  </a> <!-- navigator-link  -->
                </li>
              </ul>
            </div> <!-- suite-section-content -->
            <div class="result-section">
              <div class="suite-section-title">
                <span>Results</span>
              </div> <!-- suite-section-title -->
              <div class="suite-section-content">
                <ul>
                  <li>
                    <span class="method-stats">10 methods, 6 failed,  4 skipped,  </span>
                  </li>
                  <li>
                    <span class="method-list-title failed">Failed methods</span>
                    <span class="show-or-hide-methods failed">
                      <a href="#" panel-name="suite-Automation_Practice_Suite" class="hide-methods failed suite-Automation_Practice_Suite"> (hide)</a> <!-- hide-methods failed suite-Automation_Practice_Suite -->
                      <a href="#" panel-name="suite-Automation_Practice_Suite" class="show-methods failed suite-Automation_Practice_Suite"> (show)</a> <!-- show-methods failed suite-Automation_Practice_Suite -->
                    </span>
                    <div class="method-list-content failed suite-Automation_Practice_Suite">
                      <span>
                        <img src="failed.png" width="3%"/>
                        <a href="#" panel-name="suite-Automation_Practice_Suite" title="com.healthline.testscripts.HealthlineLogo" class="method navigator-link" hash-for-method="clickFunctionalityOfHealthlineLogo">clickFunctionalityOfHealthlineLogo</a> <!-- method navigator-link -->
                      </span>
                      <br/>
                      <span>
                        <img src="failed.png" width="3%"/>
                        <a href="#" panel-name="suite-Automation_Practice_Suite" title="com.healthline.testscripts.EditorsPick" class="method navigator-link" hash-for-method="editorsPickWork">editorsPickWork</a> <!-- method navigator-link -->
                      </span>
                      <br/>
                      <span>
                        <img src="failed.png" width="3%"/>
                        <a href="#" panel-name="suite-Automation_Practice_Suite" title="com.healthline.testscripts.FeaturedTopics" class="method navigator-link" hash-for-method="featuredTopicsWork">featuredTopicsWork</a> <!-- method navigator-link -->
                      </span>
                      <br/>
                      <span>
                        <img src="failed.png" width="3%"/>
                        <a href="#" panel-name="suite-Automation_Practice_Suite" title="com.healthline.testscripts.HealthTopics" class="method navigator-link" hash-for-method="healthTopicsWithInvalidEmail(test.com)">healthTopicsWithInvalidEmail(test.com)</a> <!-- method navigator-link -->
                      </span>
                      <br/>
                      <span>
                        <img src="failed.png" width="3%"/>
                        <a href="#" panel-name="suite-Automation_Practice_Suite" title="com.healthline.testscripts.HealthTopics" class="method navigator-link" hash-for-method="healthTopicsWithValidEmail(test@gmail.com)">healthTopicsWithValidEmail(test@gmail.com)</a> <!-- method navigator-link -->
                      </span>
                      <br/>
                      <span>
                        <img src="failed.png" width="3%"/>
                        <a href="#" panel-name="suite-Automation_Practice_Suite" title="com.healthline.testscripts.LatestStories" class="method navigator-link" hash-for-method="latestStories">latestStories</a> <!-- method navigator-link -->
                      </span>
                      <br/>
                    </div> <!-- method-list-content failed suite-Automation_Practice_Suite -->
                  </li>
                  <li>
                    <span class="method-list-title skipped">Skipped methods</span>
                    <span class="show-or-hide-methods skipped">
                      <a href="#" panel-name="suite-Automation_Practice_Suite" class="hide-methods skipped suite-Automation_Practice_Suite"> (hide)</a> <!-- hide-methods skipped suite-Automation_Practice_Suite -->
                      <a href="#" panel-name="suite-Automation_Practice_Suite" class="show-methods skipped suite-Automation_Practice_Suite"> (show)</a> <!-- show-methods skipped suite-Automation_Practice_Suite -->
                    </span>
                    <div class="method-list-content skipped suite-Automation_Practice_Suite">
                      <span>
                        <img src="skipped.png" width="3%"/>
                        <a href="#" panel-name="suite-Automation_Practice_Suite" title="com.healthline.testscripts.SearchBar" class="method navigator-link" hash-for-method="searchBar">searchBar</a> <!-- method navigator-link -->
                      </span>
                      <br/>
                      <span>
                        <img src="skipped.png" width="3%"/>
                        <a href="#" panel-name="suite-Automation_Practice_Suite" title="com.healthline.testscripts.Subscribe" class="method navigator-link" hash-for-method="subscribeFunctionalityWithInvalidEmail(test.com)">subscribeFunctionalityWithInvalidEmail(test.com)</a> <!-- method navigator-link -->
                      </span>
                      <br/>
                      <span>
                        <img src="skipped.png" width="3%"/>
                        <a href="#" panel-name="suite-Automation_Practice_Suite" title="com.healthline.testscripts.Subscribe" class="method navigator-link" hash-for-method="subscribeFunctionalityWithValidEmail(test@gmail.com)">subscribeFunctionalityWithValidEmail(test@gmail.com)</a> <!-- method navigator-link -->
                      </span>
                      <br/>
                      <span>
                        <img src="skipped.png" width="3%"/>
                        <a href="#" panel-name="suite-Automation_Practice_Suite" title="com.healthline.testscripts.TrendingPost" class="method navigator-link" hash-for-method="trendingPostFunctionality">trendingPostFunctionality</a> <!-- method navigator-link -->
                      </span>
                      <br/>
                    </div> <!-- method-list-content skipped suite-Automation_Practice_Suite -->
                  </li>
                </ul>
              </div> <!-- suite-section-content -->
            </div> <!-- result-section -->
          </div> <!-- navigator-suite-content -->
        </div> <!-- rounded-window -->
      </div> <!-- suite -->
    </div> <!-- navigator-root -->
    <div class="wrapper">
      <div class="main-panel-root">
        <div panel-name="suite-Automation_Practice_Suite" class="panel Automation_Practice_Suite">
          <div class="suite-Automation_Practice_Suite-class-failed">
            <div class="main-panel-header rounded-window-top">
              <img src="failed.png"/>
              <span class="class-name">com.healthline.testscripts.EditorsPick</span>
            </div> <!-- main-panel-header rounded-window-top -->
            <div class="main-panel-content rounded-window-bottom">
              <div class="method">
                <div class="method-content">
                  <a name="editorsPickWork">
                  </a> <!-- editorsPickWork -->
                  <span class="method-name">editorsPickWork</span>
                  <div class="stack-trace">org.openqa.selenium.NoSuchElementException: Cannot locate an element using xpath=//button[@class=&apos;accept css-143g64q&apos;]
For documentation on this error, please visit: https://www.seleniumhq.org/exceptions/no_such_element.html
Build info: version: &apos;3.141.59&apos;, revision: &apos;e82be7d358&apos;, time: &apos;2018-11-14T08:17:03&apos;
System info: host: &apos;DSK-323&apos;, ip: &apos;10.0.1.64&apos;, os.name: &apos;Windows 10&apos;, os.arch: &apos;amd64&apos;, os.version: &apos;10.0&apos;, java.version: &apos;16&apos;
Driver info: driver.version: RemoteWebDriver
	at org.openqa.selenium.remote.RemoteWebDriver.findElement(RemoteWebDriver.java:327)
	at org.openqa.selenium.remote.RemoteWebDriver.findElementByXPath(RemoteWebDriver.java:428)
	at org.openqa.selenium.By$ByXPath.findElement(By.java:353)
	at org.openqa.selenium.remote.RemoteWebDriver.findElement(RemoteWebDriver.java:315)
	at org.openqa.selenium.support.pagefactory.DefaultElementLocator.findElement(DefaultElementLocator.java:69)
	at org.openqa.selenium.support.pagefactory.internal.LocatingElementHandler.invoke(LocatingElementHandler.java:38)
	at jdk.proxy2/jdk.proxy2.$Proxy14.click(Unknown Source)
	at com.page.object.model.EditorsPickPOM.workingOfEditorsPickLocators(EditorsPickPOM.java:18)
	at com.healthline.testscripts.EditorsPick.editorsPickWork(EditorsPick.java:33)
	at java.base/java.util.ArrayList.forEach(ArrayList.java:1511)
... Removed 27 stack frames
</div> <!-- stack-trace -->
                  <em>
(To verify editor's pick functionality)                  </em>
                </div> <!-- method-content -->
              </div> <!-- method -->
            </div> <!-- main-panel-content rounded-window-bottom -->
          </div> <!-- suite-Automation_Practice_Suite-class-failed -->
          <div class="suite-Automation_Practice_Suite-class-failed">
            <div class="main-panel-header rounded-window-top">
              <img src="failed.png"/>
              <span class="class-name">com.healthline.testscripts.HealthlineLogo</span>
            </div> <!-- main-panel-header rounded-window-top -->
            <div class="main-panel-content rounded-window-bottom">
              <div class="method">
                <div class="method-content">
                  <a name="clickFunctionalityOfHealthlineLogo">
                  </a> <!-- clickFunctionalityOfHealthlineLogo -->
                  <span class="method-name">clickFunctionalityOfHealthlineLogo</span>
                  <div class="stack-trace">org.openqa.selenium.NoSuchElementException: no such element: Unable to locate element: {&quot;method&quot;:&quot;xpath&quot;,&quot;selector&quot;:&quot;//ul[@class=&apos;css-q8m3bq&apos;]/li[1]&quot;}
  (Session info: chrome=89.0.4389.114)
For documentation on this error, please visit: https://www.seleniumhq.org/exceptions/no_such_element.html
Build info: version: &apos;3.141.59&apos;, revision: &apos;e82be7d358&apos;, time: &apos;2018-11-14T08:17:03&apos;
System info: host: &apos;DSK-323&apos;, ip: &apos;10.0.1.64&apos;, os.name: &apos;Windows 10&apos;, os.arch: &apos;amd64&apos;, os.version: &apos;10.0&apos;, java.version: &apos;16&apos;
Driver info: org.openqa.selenium.chrome.ChromeDriver
Capabilities {acceptInsecureCerts: false, browserName: chrome, browserVersion: 89.0.4389.114, chrome: {chromedriverVersion: 88.0.4324.96 (68dba2d8a0b14..., userDataDir: C:\Users\VANSHI~1.JOU\AppDa...}, goog:chromeOptions: {debuggerAddress: localhost:65276}, javascriptEnabled: true, networkConnectionEnabled: false, pageLoadStrategy: normal, platform: WINDOWS, platformName: WINDOWS, proxy: Proxy(), setWindowRect: true, strictFileInteractability: false, timeouts: {implicit: 0, pageLoad: 300000, script: 30000}, unhandledPromptBehavior: dismiss and notify, webauthn:extension:largeBlob: true, webauthn:virtualAuthenticators: true}
Session ID: 49d674bc0061a4e9ff90ca255509f9f6
*** Element info: {Using=xpath, value=//ul[@class=&apos;css-q8m3bq&apos;]/li[1]}
	at org.openqa.selenium.remote.http.W3CHttpResponseCodec.createException(W3CHttpResponseCodec.java:187)
	at org.openqa.selenium.remote.http.W3CHttpResponseCodec.decode(W3CHttpResponseCodec.java:122)
	at org.openqa.selenium.remote.http.W3CHttpResponseCodec.decode(W3CHttpResponseCodec.java:49)
	at org.openqa.selenium.remote.HttpCommandExecutor.execute(HttpCommandExecutor.java:158)
	at org.openqa.selenium.remote.service.DriverCommandExecutor.execute(DriverCommandExecutor.java:83)
	at org.openqa.selenium.remote.RemoteWebDriver.execute(RemoteWebDriver.java:552)
	at org.openqa.selenium.remote.RemoteWebDriver.findElement(RemoteWebDriver.java:323)
	at org.openqa.selenium.remote.RemoteWebDriver.findElementByXPath(RemoteWebDriver.java:428)
	at org.openqa.selenium.By$ByXPath.findElement(By.java:353)
	at org.openqa.selenium.remote.RemoteWebDriver.findElement(RemoteWebDriver.java:315)
	at org.openqa.selenium.support.pagefactory.DefaultElementLocator.findElement(DefaultElementLocator.java:69)
	at org.openqa.selenium.support.pagefactory.internal.LocatingElementHandler.invoke(LocatingElementHandler.java:38)
	at jdk.proxy2/jdk.proxy2.$Proxy14.click(Unknown Source)
	at com.page.object.model.HealthlineLogoPOM.workOfHealthlineLogo(HealthlineLogoPOM.java:22)
	at com.healthline.testscripts.HealthlineLogo.clickFunctionalityOfHealthlineLogo(HealthlineLogo.java:23)
	at java.base/java.util.ArrayList.forEach(ArrayList.java:1511)
... Removed 32 stack frames
</div> <!-- stack-trace -->
                  <em>
(To verify healthline logo functionality.)                  </em>
                </div> <!-- method-content -->
              </div> <!-- method -->
            </div> <!-- main-panel-content rounded-window-bottom -->
          </div> <!-- suite-Automation_Practice_Suite-class-failed -->
          <div class="suite-Automation_Practice_Suite-class-failed">
            <div class="main-panel-header rounded-window-top">
              <img src="failed.png"/>
              <span class="class-name">com.healthline.testscripts.FeaturedTopics</span>
            </div> <!-- main-panel-header rounded-window-top -->
            <div class="main-panel-content rounded-window-bottom">
              <div class="method">
                <div class="method-content">
                  <a name="featuredTopicsWork">
                  </a> <!-- featuredTopicsWork -->
                  <span class="method-name">featuredTopicsWork</span>
                  <div class="stack-trace">org.openqa.selenium.NoSuchWindowException: no such window: target window already closed
from unknown error: web view not found
  (Session info: chrome=89.0.4389.114)
Build info: version: &apos;3.141.59&apos;, revision: &apos;e82be7d358&apos;, time: &apos;2018-11-14T08:17:03&apos;
System info: host: &apos;DSK-323&apos;, ip: &apos;10.0.1.64&apos;, os.name: &apos;Windows 10&apos;, os.arch: &apos;amd64&apos;, os.version: &apos;10.0&apos;, java.version: &apos;16&apos;
Driver info: org.openqa.selenium.chrome.ChromeDriver
Capabilities {acceptInsecureCerts: false, browserName: chrome, browserVersion: 89.0.4389.114, chrome: {chromedriverVersion: 88.0.4324.96 (68dba2d8a0b14..., userDataDir: C:\Users\VANSHI~1.JOU\AppDa...}, goog:chromeOptions: {debuggerAddress: localhost:65255}, javascriptEnabled: true, networkConnectionEnabled: false, pageLoadStrategy: normal, platform: WINDOWS, platformName: WINDOWS, proxy: Proxy(), setWindowRect: true, strictFileInteractability: false, timeouts: {implicit: 0, pageLoad: 300000, script: 30000}, unhandledPromptBehavior: dismiss and notify, webauthn:extension:largeBlob: true, webauthn:virtualAuthenticators: true}
Session ID: eeb4594a4c0997d52f83c3a2f869e22c
*** Element info: {Using=xpath, value=//div[@class=&apos;css-if9915&apos;]//div[@class=&apos;css-1z98t3&apos;]/ul/li[1]/a
}
	at org.openqa.selenium.remote.http.W3CHttpResponseCodec.createException(W3CHttpResponseCodec.java:187)
	at org.openqa.selenium.remote.http.W3CHttpResponseCodec.decode(W3CHttpResponseCodec.java:122)
	at org.openqa.selenium.remote.http.W3CHttpResponseCodec.decode(W3CHttpResponseCodec.java:49)
	at org.openqa.selenium.remote.HttpCommandExecutor.execute(HttpCommandExecutor.java:158)
	at org.openqa.selenium.remote.service.DriverCommandExecutor.execute(DriverCommandExecutor.java:83)
	at org.openqa.selenium.remote.RemoteWebDriver.execute(RemoteWebDriver.java:552)
	at org.openqa.selenium.remote.RemoteWebDriver.findElement(RemoteWebDriver.java:323)
	at org.openqa.selenium.remote.RemoteWebDriver.findElementByXPath(RemoteWebDriver.java:428)
	at org.openqa.selenium.By$ByXPath.findElement(By.java:353)
	at org.openqa.selenium.remote.RemoteWebDriver.findElement(RemoteWebDriver.java:315)
	at org.openqa.selenium.support.pagefactory.DefaultElementLocator.findElement(DefaultElementLocator.java:69)
	at org.openqa.selenium.support.pagefactory.internal.LocatingElementHandler.invoke(LocatingElementHandler.java:38)
	at jdk.proxy2/jdk.proxy2.$Proxy14.click(Unknown Source)
	at com.page.object.model.FeaturedTopicsPOM.workingOfFeaturedTopics(FeaturedTopicsPOM.java:21)
	at com.healthline.testscripts.FeaturedTopics.featuredTopicsWork(FeaturedTopics.java:36)
	at java.base/java.util.ArrayList.forEach(ArrayList.java:1511)
... Removed 32 stack frames
</div> <!-- stack-trace -->
                  <em>
(To verify the featured topics functionality.)                  </em>
                </div> <!-- method-content -->
              </div> <!-- method -->
            </div> <!-- main-panel-content rounded-window-bottom -->
          </div> <!-- suite-Automation_Practice_Suite-class-failed -->
          <div class="suite-Automation_Practice_Suite-class-failed">
            <div class="main-panel-header rounded-window-top">
              <img src="failed.png"/>
              <span class="class-name">com.healthline.testscripts.HealthTopics</span>
            </div> <!-- main-panel-header rounded-window-top -->
            <div class="main-panel-content rounded-window-bottom">
              <div class="method">
                <div class="method-content">
                  <a name="healthTopicsWithInvalidEmail(test.com)">
                  </a> <!-- healthTopicsWithInvalidEmail(test.com) -->
                  <span class="method-name">healthTopicsWithInvalidEmail</span>
                  <span class="parameters">(test.com)</span>
                  <div class="stack-trace">org.openqa.selenium.NoSuchElementException: Cannot locate an element using xpath=//button[@data-auto=&apos;header-menu&apos;]
For documentation on this error, please visit: https://www.seleniumhq.org/exceptions/no_such_element.html
Build info: version: &apos;3.141.59&apos;, revision: &apos;e82be7d358&apos;, time: &apos;2018-11-14T08:17:03&apos;
System info: host: &apos;DSK-323&apos;, ip: &apos;10.0.1.64&apos;, os.name: &apos;Windows 10&apos;, os.arch: &apos;amd64&apos;, os.version: &apos;10.0&apos;, java.version: &apos;16&apos;
Driver info: driver.version: RemoteWebDriver
	at org.openqa.selenium.remote.RemoteWebDriver.findElement(RemoteWebDriver.java:327)
	at org.openqa.selenium.remote.RemoteWebDriver.findElementByXPath(RemoteWebDriver.java:428)
	at org.openqa.selenium.By$ByXPath.findElement(By.java:353)
	at org.openqa.selenium.remote.RemoteWebDriver.findElement(RemoteWebDriver.java:315)
	at org.openqa.selenium.support.pagefactory.DefaultElementLocator.findElement(DefaultElementLocator.java:69)
	at org.openqa.selenium.support.pagefactory.internal.LocatingElementHandler.invoke(LocatingElementHandler.java:38)
	at jdk.proxy2/jdk.proxy2.$Proxy14.click(Unknown Source)
	at com.page.object.model.HealthTopicsPOM.workingOfHealthTopics(HealthTopicsPOM.java:21)
	at com.healthline.testscripts.HealthTopics.healthTopicsWithInvalidEmail(HealthTopics.java:43)
	at java.base/java.util.ArrayList.forEach(ArrayList.java:1511)
... Removed 27 stack frames
</div> <!-- stack-trace -->
                  <em>
(To verify the health topics functionality with invalid email.)                  </em>
                </div> <!-- method-content -->
              </div> <!-- method -->
              <div class="method">
                <div class="method-content">
                  <a name="healthTopicsWithValidEmail(test@gmail.com)">
                  </a> <!-- healthTopicsWithValidEmail(test@gmail.com) -->
                  <span class="method-name">healthTopicsWithValidEmail</span>
                  <span class="parameters">(test@gmail.com)</span>
                  <div class="stack-trace">org.openqa.selenium.NoSuchElementException: no such element: Unable to locate element: {&quot;method&quot;:&quot;xpath&quot;,&quot;selector&quot;:&quot;//button[@data-auto=&apos;header-menu&apos;]&quot;}
  (Session info: chrome=89.0.4389.114)
For documentation on this error, please visit: https://www.seleniumhq.org/exceptions/no_such_element.html
Build info: version: &apos;3.141.59&apos;, revision: &apos;e82be7d358&apos;, time: &apos;2018-11-14T08:17:03&apos;
System info: host: &apos;DSK-323&apos;, ip: &apos;10.0.1.64&apos;, os.name: &apos;Windows 10&apos;, os.arch: &apos;amd64&apos;, os.version: &apos;10.0&apos;, java.version: &apos;16&apos;
Driver info: org.openqa.selenium.chrome.ChromeDriver
Capabilities {acceptInsecureCerts: false, browserName: chrome, browserVersion: 89.0.4389.114, chrome: {chromedriverVersion: 88.0.4324.96 (68dba2d8a0b14..., userDataDir: C:\Users\VANSHI~1.JOU\AppDa...}, goog:chromeOptions: {debuggerAddress: localhost:65350}, javascriptEnabled: true, networkConnectionEnabled: false, pageLoadStrategy: normal, platform: WINDOWS, platformName: WINDOWS, proxy: Proxy(), setWindowRect: true, strictFileInteractability: false, timeouts: {implicit: 0, pageLoad: 300000, script: 30000}, unhandledPromptBehavior: dismiss and notify, webauthn:extension:largeBlob: true, webauthn:virtualAuthenticators: true}
Session ID: bb2f04a326a8af00bf1ad1e3fe78a144
*** Element info: {Using=xpath, value=//button[@data-auto=&apos;header-menu&apos;]}
	at org.openqa.selenium.remote.http.W3CHttpResponseCodec.createException(W3CHttpResponseCodec.java:187)
	at org.openqa.selenium.remote.http.W3CHttpResponseCodec.decode(W3CHttpResponseCodec.java:122)
	at org.openqa.selenium.remote.http.W3CHttpResponseCodec.decode(W3CHttpResponseCodec.java:49)
	at org.openqa.selenium.remote.HttpCommandExecutor.execute(HttpCommandExecutor.java:158)
	at org.openqa.selenium.remote.service.DriverCommandExecutor.execute(DriverCommandExecutor.java:83)
	at org.openqa.selenium.remote.RemoteWebDriver.execute(RemoteWebDriver.java:552)
	at org.openqa.selenium.remote.RemoteWebDriver.findElement(RemoteWebDriver.java:323)
	at org.openqa.selenium.remote.RemoteWebDriver.findElementByXPath(RemoteWebDriver.java:428)
	at org.openqa.selenium.By$ByXPath.findElement(By.java:353)
	at org.openqa.selenium.remote.RemoteWebDriver.findElement(RemoteWebDriver.java:315)
	at org.openqa.selenium.support.pagefactory.DefaultElementLocator.findElement(DefaultElementLocator.java:69)
	at org.openqa.selenium.support.pagefactory.internal.LocatingElementHandler.invoke(LocatingElementHandler.java:38)
	at jdk.proxy2/jdk.proxy2.$Proxy14.click(Unknown Source)
	at com.page.object.model.HealthTopicsPOM.workingOfHealthTopics(HealthTopicsPOM.java:21)
	at com.healthline.testscripts.HealthTopics.healthTopicsWithValidEmail(HealthTopics.java:49)
	at java.base/java.util.ArrayList.forEach(ArrayList.java:1511)
... Removed 32 stack frames
</div> <!-- stack-trace -->
                  <em>
(To verify the health topics functionality with invalid email.)                  </em>
                </div> <!-- method-content -->
              </div> <!-- method -->
            </div> <!-- main-panel-content rounded-window-bottom -->
          </div> <!-- suite-Automation_Practice_Suite-class-failed -->
          <div class="suite-Automation_Practice_Suite-class-failed">
            <div class="main-panel-header rounded-window-top">
              <img src="failed.png"/>
              <span class="class-name">com.healthline.testscripts.LatestStories</span>
            </div> <!-- main-panel-header rounded-window-top -->
            <div class="main-panel-content rounded-window-bottom">
              <div class="method">
                <div class="method-content">
                  <a name="latestStories">
                  </a> <!-- latestStories -->
                  <span class="method-name">latestStories</span>
                  <div class="stack-trace">org.openqa.selenium.NoSuchElementException: Cannot locate an element using xpath=//li[@class=&apos;css-a4lyxf&apos;]/div
For documentation on this error, please visit: https://www.seleniumhq.org/exceptions/no_such_element.html
Build info: version: &apos;3.141.59&apos;, revision: &apos;e82be7d358&apos;, time: &apos;2018-11-14T08:17:03&apos;
System info: host: &apos;DSK-323&apos;, ip: &apos;10.0.1.64&apos;, os.name: &apos;Windows 10&apos;, os.arch: &apos;amd64&apos;, os.version: &apos;10.0&apos;, java.version: &apos;16&apos;
Driver info: driver.version: RemoteWebDriver
	at org.openqa.selenium.remote.RemoteWebDriver.findElement(RemoteWebDriver.java:327)
	at org.openqa.selenium.remote.RemoteWebDriver.findElementByXPath(RemoteWebDriver.java:428)
	at org.openqa.selenium.By$ByXPath.findElement(By.java:353)
	at org.openqa.selenium.remote.RemoteWebDriver.findElement(RemoteWebDriver.java:315)
	at org.openqa.selenium.support.pagefactory.DefaultElementLocator.findElement(DefaultElementLocator.java:69)
	at org.openqa.selenium.support.pagefactory.internal.LocatingElementHandler.invoke(LocatingElementHandler.java:38)
	at jdk.proxy2/jdk.proxy2.$Proxy14.click(Unknown Source)
	at com.page.object.model.LatestStoriesPOM.workingOfLatestStories(LatestStoriesPOM.java:23)
	at com.healthline.testscripts.LatestStories.latestStories(LatestStories.java:32)
	at java.base/java.util.ArrayList.forEach(ArrayList.java:1511)
... Removed 27 stack frames
</div> <!-- stack-trace -->
                  <em>
(To verify latest stories functionality.)                  </em>
                </div> <!-- method-content -->
              </div> <!-- method -->
            </div> <!-- main-panel-content rounded-window-bottom -->
          </div> <!-- suite-Automation_Practice_Suite-class-failed -->
          <div class="suite-Automation_Practice_Suite-class-skipped">
            <div class="main-panel-header rounded-window-top">
              <img src="skipped.png"/>
              <span class="class-name">com.healthline.testscripts.TrendingPost</span>
            </div> <!-- main-panel-header rounded-window-top -->
            <div class="main-panel-content rounded-window-bottom">
              <div class="method">
                <div class="method-content">
                  <a name="trendingPostFunctionality">
                  </a> <!-- trendingPostFunctionality -->
                  <span class="method-name">trendingPostFunctionality</span>
                  <div class="stack-trace">org.openqa.selenium.WebDriverException: unknown error: Chrome failed to start: exited normally.
  (chrome not reachable)
  (The process started from chrome location C:\Program Files (x86)\Google\Chrome\Application\chrome.exe is no longer running, so ChromeDriver is assuming that Chrome has crashed.)
Build info: version: &apos;3.141.59&apos;, revision: &apos;e82be7d358&apos;, time: &apos;2018-11-14T08:17:03&apos;
System info: host: &apos;DSK-323&apos;, ip: &apos;10.0.1.64&apos;, os.name: &apos;Windows 10&apos;, os.arch: &apos;amd64&apos;, os.version: &apos;10.0&apos;, java.version: &apos;16&apos;
Driver info: driver.version: ChromeDriver
remote stacktrace: Backtrace:
	GetHandleVerifier [0x00A3B963+483]
	GetHandleVerifier [0x00A3B941+449]
	GetHandleVerifier [0x00DE3308+3832712]
	GetHandleVerifier [0x00DF9FA6+3926054]
	GetHandleVerifier [0x00DF7D9C+3917340]
	GetHandleVerifier [0x00E1E7FE+4075646]
	GetHandleVerifier [0x00E1E56C+4074988]
	GetHandleVerifier [0x00E1B2EB+4062059]
	GetHandleVerifier [0x00DFED14+3945876]
	GetHandleVerifier [0x00DFFBCE+3949646]
	GetHandleVerifier [0x00DFFB59+3949529]
	Ordinal0 [0x009FB5CC+46540]
	Ordinal0 [0x009F9F53+40787]
	Ordinal0 [0x009F9B12+39698]
	GetHandleVerifier [0x00D01468+2907368]
	GetHandleVerifier [0x00B471EE+1096302]
	GetHandleVerifier [0x00B03E8D+821005]
	GetHandleVerifier [0x00B0396B+819691]
	GetHandleVerifier [0x00B03881+819457]
	GetHandleVerifier [0x00B2F463+998627]
	BaseThreadInitThunk [0x75EFFA29+25]
	RtlGetAppContainerNamedObjectPath [0x774476B4+228]
	RtlGetAppContainerNamedObjectPath [0x77447684+180]

	at org.openqa.selenium.remote.W3CHandshakeResponse.lambda$errorHandler$0(W3CHandshakeResponse.java:62)
	at org.openqa.selenium.remote.HandshakeResponse.lambda$getResponseFunction$0(HandshakeResponse.java:30)
	at org.openqa.selenium.remote.ProtocolHandshake.lambda$createSession$0(ProtocolHandshake.java:126)
	at java.base/java.util.stream.ReferencePipeline$3$1.accept(ReferencePipeline.java:197)
	at java.base/java.util.Spliterators$ArraySpliterator.tryAdvance(Spliterators.java:958)
	at java.base/java.util.stream.ReferencePipeline.forEachWithCancel(ReferencePipeline.java:129)
	at java.base/java.util.stream.AbstractPipeline.copyIntoWithCancel(AbstractPipeline.java:502)
	at java.base/java.util.stream.AbstractPipeline.copyInto(AbstractPipeline.java:488)
	at java.base/java.util.stream.AbstractPipeline.wrapAndCopyInto(AbstractPipeline.java:474)
	at java.base/java.util.stream.FindOps$FindOp.evaluateSequential(FindOps.java:150)
	at java.base/java.util.stream.AbstractPipeline.evaluate(AbstractPipeline.java:234)
	at java.base/java.util.stream.ReferencePipeline.findFirst(ReferencePipeline.java:647)
	at org.openqa.selenium.remote.ProtocolHandshake.createSession(ProtocolHandshake.java:128)
	at org.openqa.selenium.remote.ProtocolHandshake.createSession(ProtocolHandshake.java:74)
	at org.openqa.selenium.remote.HttpCommandExecutor.execute(HttpCommandExecutor.java:136)
	at org.openqa.selenium.remote.service.DriverCommandExecutor.execute(DriverCommandExecutor.java:83)
	at org.openqa.selenium.remote.RemoteWebDriver.execute(RemoteWebDriver.java:552)
	at org.openqa.selenium.remote.RemoteWebDriver.startSession(RemoteWebDriver.java:213)
	at org.openqa.selenium.remote.RemoteWebDriver.&lt;init&gt;(RemoteWebDriver.java:131)
	at org.openqa.selenium.chrome.ChromeDriver.&lt;init&gt;(ChromeDriver.java:181)
	at org.openqa.selenium.chrome.ChromeDriver.&lt;init&gt;(ChromeDriver.java:168)
	at org.openqa.selenium.chrome.ChromeDriver.&lt;init&gt;(ChromeDriver.java:123)
	at utils.SetupEnvironment.driverReturn(SetupEnvironment.java:26)
	at com.healthline.testscripts.TrendingPost.beforeMethod(TrendingPost.java:24)
	at java.base/java.util.ArrayList.forEach(ArrayList.java:1511)
... Removed 36 stack frames
</div> <!-- stack-trace -->
                  <em>
(To verify trending post functionality.)                  </em>
                </div> <!-- method-content -->
              </div> <!-- method -->
            </div> <!-- main-panel-content rounded-window-bottom -->
          </div> <!-- suite-Automation_Practice_Suite-class-skipped -->
          <div class="suite-Automation_Practice_Suite-class-skipped">
            <div class="main-panel-header rounded-window-top">
              <img src="skipped.png"/>
              <span class="class-name">com.healthline.testscripts.SearchBar</span>
            </div> <!-- main-panel-header rounded-window-top -->
            <div class="main-panel-content rounded-window-bottom">
              <div class="method">
                <div class="method-content">
                  <a name="searchBar">
                  </a> <!-- searchBar -->
                  <span class="method-name">searchBar</span>
                  <div class="stack-trace">org.openqa.selenium.WebDriverException: unknown error: Chrome failed to start: exited normally.
  (chrome not reachable)
  (The process started from chrome location C:\Program Files (x86)\Google\Chrome\Application\chrome.exe is no longer running, so ChromeDriver is assuming that Chrome has crashed.)
Build info: version: &apos;3.141.59&apos;, revision: &apos;e82be7d358&apos;, time: &apos;2018-11-14T08:17:03&apos;
System info: host: &apos;DSK-323&apos;, ip: &apos;10.0.1.64&apos;, os.name: &apos;Windows 10&apos;, os.arch: &apos;amd64&apos;, os.version: &apos;10.0&apos;, java.version: &apos;16&apos;
Driver info: driver.version: ChromeDriver
remote stacktrace: Backtrace:
	GetHandleVerifier [0x00A3B963+483]
	GetHandleVerifier [0x00A3B941+449]
	GetHandleVerifier [0x00DE3308+3832712]
	GetHandleVerifier [0x00DF9FA6+3926054]
	GetHandleVerifier [0x00DF7D9C+3917340]
	GetHandleVerifier [0x00E1E7FE+4075646]
	GetHandleVerifier [0x00E1E56C+4074988]
	GetHandleVerifier [0x00E1B2EB+4062059]
	GetHandleVerifier [0x00DFED14+3945876]
	GetHandleVerifier [0x00DFFBCE+3949646]
	GetHandleVerifier [0x00DFFB59+3949529]
	Ordinal0 [0x009FB5CC+46540]
	Ordinal0 [0x009F9F53+40787]
	Ordinal0 [0x009F9B12+39698]
	GetHandleVerifier [0x00D01468+2907368]
	GetHandleVerifier [0x00B471EE+1096302]
	GetHandleVerifier [0x00B03E8D+821005]
	GetHandleVerifier [0x00B0396B+819691]
	GetHandleVerifier [0x00B03881+819457]
	GetHandleVerifier [0x00B2F463+998627]
	BaseThreadInitThunk [0x75EFFA29+25]
	RtlGetAppContainerNamedObjectPath [0x774476B4+228]
	RtlGetAppContainerNamedObjectPath [0x77447684+180]

	at org.openqa.selenium.remote.W3CHandshakeResponse.lambda$errorHandler$0(W3CHandshakeResponse.java:62)
	at org.openqa.selenium.remote.HandshakeResponse.lambda$getResponseFunction$0(HandshakeResponse.java:30)
	at org.openqa.selenium.remote.ProtocolHandshake.lambda$createSession$0(ProtocolHandshake.java:126)
	at java.base/java.util.stream.ReferencePipeline$3$1.accept(ReferencePipeline.java:197)
	at java.base/java.util.Spliterators$ArraySpliterator.tryAdvance(Spliterators.java:958)
	at java.base/java.util.stream.ReferencePipeline.forEachWithCancel(ReferencePipeline.java:129)
	at java.base/java.util.stream.AbstractPipeline.copyIntoWithCancel(AbstractPipeline.java:502)
	at java.base/java.util.stream.AbstractPipeline.copyInto(AbstractPipeline.java:488)
	at java.base/java.util.stream.AbstractPipeline.wrapAndCopyInto(AbstractPipeline.java:474)
	at java.base/java.util.stream.FindOps$FindOp.evaluateSequential(FindOps.java:150)
	at java.base/java.util.stream.AbstractPipeline.evaluate(AbstractPipeline.java:234)
	at java.base/java.util.stream.ReferencePipeline.findFirst(ReferencePipeline.java:647)
	at org.openqa.selenium.remote.ProtocolHandshake.createSession(ProtocolHandshake.java:128)
	at org.openqa.selenium.remote.ProtocolHandshake.createSession(ProtocolHandshake.java:74)
	at org.openqa.selenium.remote.HttpCommandExecutor.execute(HttpCommandExecutor.java:136)
	at org.openqa.selenium.remote.service.DriverCommandExecutor.execute(DriverCommandExecutor.java:83)
	at org.openqa.selenium.remote.RemoteWebDriver.execute(RemoteWebDriver.java:552)
	at org.openqa.selenium.remote.RemoteWebDriver.startSession(RemoteWebDriver.java:213)
	at org.openqa.selenium.remote.RemoteWebDriver.&lt;init&gt;(RemoteWebDriver.java:131)
	at org.openqa.selenium.chrome.ChromeDriver.&lt;init&gt;(ChromeDriver.java:181)
	at org.openqa.selenium.chrome.ChromeDriver.&lt;init&gt;(ChromeDriver.java:168)
	at org.openqa.selenium.chrome.ChromeDriver.&lt;init&gt;(ChromeDriver.java:123)
	at utils.SetupEnvironment.driverReturn(SetupEnvironment.java:26)
	at com.healthline.testscripts.SearchBar.beforeMethod(SearchBar.java:17)
	at java.base/java.util.ArrayList.forEach(ArrayList.java:1511)
... Removed 36 stack frames
</div> <!-- stack-trace -->
                  <em>
(To verify search bar functionality.)                  </em>
                </div> <!-- method-content -->
              </div> <!-- method -->
            </div> <!-- main-panel-content rounded-window-bottom -->
          </div> <!-- suite-Automation_Practice_Suite-class-skipped -->
          <div class="suite-Automation_Practice_Suite-class-skipped">
            <div class="main-panel-header rounded-window-top">
              <img src="skipped.png"/>
              <span class="class-name">com.healthline.testscripts.Subscribe</span>
            </div> <!-- main-panel-header rounded-window-top -->
            <div class="main-panel-content rounded-window-bottom">
              <div class="method">
                <div class="method-content">
                  <a name="subscribeFunctionalityWithInvalidEmail(test.com)">
                  </a> <!-- subscribeFunctionalityWithInvalidEmail(test.com) -->
                  <span class="method-name">subscribeFunctionalityWithInvalidEmail</span>
                  <span class="parameters">(test.com)</span>
                  <div class="stack-trace">org.openqa.selenium.WebDriverException: unknown error: Chrome failed to start: exited normally.
  (chrome not reachable)
  (The process started from chrome location C:\Program Files (x86)\Google\Chrome\Application\chrome.exe is no longer running, so ChromeDriver is assuming that Chrome has crashed.)
Build info: version: &apos;3.141.59&apos;, revision: &apos;e82be7d358&apos;, time: &apos;2018-11-14T08:17:03&apos;
System info: host: &apos;DSK-323&apos;, ip: &apos;10.0.1.64&apos;, os.name: &apos;Windows 10&apos;, os.arch: &apos;amd64&apos;, os.version: &apos;10.0&apos;, java.version: &apos;16&apos;
Driver info: driver.version: ChromeDriver
remote stacktrace: Backtrace:
	GetHandleVerifier [0x00A3B963+483]
	GetHandleVerifier [0x00A3B941+449]
	GetHandleVerifier [0x00DE3308+3832712]
	GetHandleVerifier [0x00DF9FA6+3926054]
	GetHandleVerifier [0x00DF7D9C+3917340]
	GetHandleVerifier [0x00E1E7FE+4075646]
	GetHandleVerifier [0x00E1E56C+4074988]
	GetHandleVerifier [0x00E1B2EB+4062059]
	GetHandleVerifier [0x00DFED14+3945876]
	GetHandleVerifier [0x00DFFBCE+3949646]
	GetHandleVerifier [0x00DFFB59+3949529]
	Ordinal0 [0x009FB5CC+46540]
	Ordinal0 [0x009F9F53+40787]
	Ordinal0 [0x009F9B12+39698]
	GetHandleVerifier [0x00D01468+2907368]
	GetHandleVerifier [0x00B471EE+1096302]
	GetHandleVerifier [0x00B03E8D+821005]
	GetHandleVerifier [0x00B0396B+819691]
	GetHandleVerifier [0x00B03881+819457]
	GetHandleVerifier [0x00B2F463+998627]
	BaseThreadInitThunk [0x75EFFA29+25]
	RtlGetAppContainerNamedObjectPath [0x774476B4+228]
	RtlGetAppContainerNamedObjectPath [0x77447684+180]

	at org.openqa.selenium.remote.W3CHandshakeResponse.lambda$errorHandler$0(W3CHandshakeResponse.java:62)
	at org.openqa.selenium.remote.HandshakeResponse.lambda$getResponseFunction$0(HandshakeResponse.java:30)
	at org.openqa.selenium.remote.ProtocolHandshake.lambda$createSession$0(ProtocolHandshake.java:126)
	at java.base/java.util.stream.ReferencePipeline$3$1.accept(ReferencePipeline.java:197)
	at java.base/java.util.Spliterators$ArraySpliterator.tryAdvance(Spliterators.java:958)
	at java.base/java.util.stream.ReferencePipeline.forEachWithCancel(ReferencePipeline.java:129)
	at java.base/java.util.stream.AbstractPipeline.copyIntoWithCancel(AbstractPipeline.java:502)
	at java.base/java.util.stream.AbstractPipeline.copyInto(AbstractPipeline.java:488)
	at java.base/java.util.stream.AbstractPipeline.wrapAndCopyInto(AbstractPipeline.java:474)
	at java.base/java.util.stream.FindOps$FindOp.evaluateSequential(FindOps.java:150)
	at java.base/java.util.stream.AbstractPipeline.evaluate(AbstractPipeline.java:234)
	at java.base/java.util.stream.ReferencePipeline.findFirst(ReferencePipeline.java:647)
	at org.openqa.selenium.remote.ProtocolHandshake.createSession(ProtocolHandshake.java:128)
	at org.openqa.selenium.remote.ProtocolHandshake.createSession(ProtocolHandshake.java:74)
	at org.openqa.selenium.remote.HttpCommandExecutor.execute(HttpCommandExecutor.java:136)
	at org.openqa.selenium.remote.service.DriverCommandExecutor.execute(DriverCommandExecutor.java:83)
	at org.openqa.selenium.remote.RemoteWebDriver.execute(RemoteWebDriver.java:552)
	at org.openqa.selenium.remote.RemoteWebDriver.startSession(RemoteWebDriver.java:213)
	at org.openqa.selenium.remote.RemoteWebDriver.&lt;init&gt;(RemoteWebDriver.java:131)
	at org.openqa.selenium.chrome.ChromeDriver.&lt;init&gt;(ChromeDriver.java:181)
	at org.openqa.selenium.chrome.ChromeDriver.&lt;init&gt;(ChromeDriver.java:168)
	at org.openqa.selenium.chrome.ChromeDriver.&lt;init&gt;(ChromeDriver.java:123)
	at utils.SetupEnvironment.driverReturn(SetupEnvironment.java:26)
	at com.healthline.testscripts.Subscribe.beforeMethod(Subscribe.java:38)
	at java.base/java.util.ArrayList.forEach(ArrayList.java:1511)
... Removed 36 stack frames
</div> <!-- stack-trace -->
                  <em>
(To verify subscribe functionality with invalid email address.)                  </em>
                </div> <!-- method-content -->
              </div> <!-- method -->
              <div class="method">
                <div class="method-content">
                  <a name="subscribeFunctionalityWithValidEmail(test@gmail.com)">
                  </a> <!-- subscribeFunctionalityWithValidEmail(test@gmail.com) -->
                  <span class="method-name">subscribeFunctionalityWithValidEmail</span>
                  <span class="parameters">(test@gmail.com)</span>
                  <div class="stack-trace">org.openqa.selenium.WebDriverException: unknown error: Chrome failed to start: exited normally.
  (chrome not reachable)
  (The process started from chrome location C:\Program Files (x86)\Google\Chrome\Application\chrome.exe is no longer running, so ChromeDriver is assuming that Chrome has crashed.)
Build info: version: &apos;3.141.59&apos;, revision: &apos;e82be7d358&apos;, time: &apos;2018-11-14T08:17:03&apos;
System info: host: &apos;DSK-323&apos;, ip: &apos;10.0.1.64&apos;, os.name: &apos;Windows 10&apos;, os.arch: &apos;amd64&apos;, os.version: &apos;10.0&apos;, java.version: &apos;16&apos;
Driver info: driver.version: ChromeDriver
remote stacktrace: Backtrace:
	GetHandleVerifier [0x00A3B963+483]
	GetHandleVerifier [0x00A3B941+449]
	GetHandleVerifier [0x00DE3308+3832712]
	GetHandleVerifier [0x00DF9FA6+3926054]
	GetHandleVerifier [0x00DF7D9C+3917340]
	GetHandleVerifier [0x00E1E7FE+4075646]
	GetHandleVerifier [0x00E1E56C+4074988]
	GetHandleVerifier [0x00E1B2EB+4062059]
	GetHandleVerifier [0x00DFED14+3945876]
	GetHandleVerifier [0x00DFFBCE+3949646]
	GetHandleVerifier [0x00DFFB59+3949529]
	Ordinal0 [0x009FB5CC+46540]
	Ordinal0 [0x009F9F53+40787]
	Ordinal0 [0x009F9B12+39698]
	GetHandleVerifier [0x00D01468+2907368]
	GetHandleVerifier [0x00B471EE+1096302]
	GetHandleVerifier [0x00B03E8D+821005]
	GetHandleVerifier [0x00B0396B+819691]
	GetHandleVerifier [0x00B03881+819457]
	GetHandleVerifier [0x00B2F463+998627]
	BaseThreadInitThunk [0x75EFFA29+25]
	RtlGetAppContainerNamedObjectPath [0x774476B4+228]
	RtlGetAppContainerNamedObjectPath [0x77447684+180]

	at org.openqa.selenium.remote.W3CHandshakeResponse.lambda$errorHandler$0(W3CHandshakeResponse.java:62)
	at org.openqa.selenium.remote.HandshakeResponse.lambda$getResponseFunction$0(HandshakeResponse.java:30)
	at org.openqa.selenium.remote.ProtocolHandshake.lambda$createSession$0(ProtocolHandshake.java:126)
	at java.base/java.util.stream.ReferencePipeline$3$1.accept(ReferencePipeline.java:197)
	at java.base/java.util.Spliterators$ArraySpliterator.tryAdvance(Spliterators.java:958)
	at java.base/java.util.stream.ReferencePipeline.forEachWithCancel(ReferencePipeline.java:129)
	at java.base/java.util.stream.AbstractPipeline.copyIntoWithCancel(AbstractPipeline.java:502)
	at java.base/java.util.stream.AbstractPipeline.copyInto(AbstractPipeline.java:488)
	at java.base/java.util.stream.AbstractPipeline.wrapAndCopyInto(AbstractPipeline.java:474)
	at java.base/java.util.stream.FindOps$FindOp.evaluateSequential(FindOps.java:150)
	at java.base/java.util.stream.AbstractPipeline.evaluate(AbstractPipeline.java:234)
	at java.base/java.util.stream.ReferencePipeline.findFirst(ReferencePipeline.java:647)
	at org.openqa.selenium.remote.ProtocolHandshake.createSession(ProtocolHandshake.java:128)
	at org.openqa.selenium.remote.ProtocolHandshake.createSession(ProtocolHandshake.java:74)
	at org.openqa.selenium.remote.HttpCommandExecutor.execute(HttpCommandExecutor.java:136)
	at org.openqa.selenium.remote.service.DriverCommandExecutor.execute(DriverCommandExecutor.java:83)
	at org.openqa.selenium.remote.RemoteWebDriver.execute(RemoteWebDriver.java:552)
	at org.openqa.selenium.remote.RemoteWebDriver.startSession(RemoteWebDriver.java:213)
	at org.openqa.selenium.remote.RemoteWebDriver.&lt;init&gt;(RemoteWebDriver.java:131)
	at org.openqa.selenium.chrome.ChromeDriver.&lt;init&gt;(ChromeDriver.java:181)
	at org.openqa.selenium.chrome.ChromeDriver.&lt;init&gt;(ChromeDriver.java:168)
	at org.openqa.selenium.chrome.ChromeDriver.&lt;init&gt;(ChromeDriver.java:123)
	at utils.SetupEnvironment.driverReturn(SetupEnvironment.java:26)
	at com.healthline.testscripts.Subscribe.beforeMethod(Subscribe.java:38)
	at java.base/java.util.ArrayList.forEach(ArrayList.java:1511)
... Removed 36 stack frames
</div> <!-- stack-trace -->
                  <em>
(To verify subscribe functionality wuth valid email address.)                  </em>
                </div> <!-- method-content -->
              </div> <!-- method -->
            </div> <!-- main-panel-content rounded-window-bottom -->
          </div> <!-- suite-Automation_Practice_Suite-class-skipped -->
        </div> <!-- panel Automation_Practice_Suite -->
        <div panel-name="test-xml-Automation_Practice_Suite" class="panel">
          <div class="main-panel-header rounded-window-top">
            <span class="header-content">C:\Users\vanshika.joukani\git\FinalProject\HealthlineAndAutomation\testng_HealthLine.xml</span>
          </div> <!-- main-panel-header rounded-window-top -->
          <div class="main-panel-content rounded-window-bottom">
            <pre>
&lt;?xml version=&quot;1.0&quot; encoding=&quot;UTF-8&quot;?&gt;
&lt;!DOCTYPE suite SYSTEM &quot;https://testng.org/testng-1.0.dtd&quot;&gt;
&lt;suite name=&quot;Automation Practice Suite&quot; guice-stage=&quot;DEVELOPMENT&quot;&gt;
  &lt;parameter name=&quot;browserName&quot; value=&quot;chrome&quot;/&gt;
  &lt;parameter name=&quot;url&quot; value=&quot;https://www.healthline.com/&quot;/&gt;
  &lt;listeners&gt;
    &lt;listener class-name=&quot;org.uncommons.reportng.HTMLReporter&quot;/&gt;
    &lt;listener class-name=&quot;utils.ScreenShotListener&quot;/&gt;
  &lt;/listeners&gt;
  &lt;test thread-count=&quot;5&quot; name=&quot;Editors Pick&quot;&gt;
    &lt;classes&gt;
      &lt;class name=&quot;com.healthline.testscripts.EditorsPick&quot;/&gt;
    &lt;/classes&gt;
  &lt;/test&gt; &lt;!-- Editors Pick --&gt;
  &lt;test thread-count=&quot;5&quot; name=&quot;FeaturedTopics&quot;&gt;
    &lt;classes&gt;
      &lt;class name=&quot;com.healthline.testscripts.FeaturedTopics&quot;/&gt;
    &lt;/classes&gt;
  &lt;/test&gt; &lt;!-- FeaturedTopics --&gt;
  &lt;test thread-count=&quot;5&quot; name=&quot;HealthlineLogo&quot;&gt;
    &lt;classes&gt;
      &lt;class name=&quot;com.healthline.testscripts.HealthlineLogo&quot;/&gt;
    &lt;/classes&gt;
  &lt;/test&gt; &lt;!-- HealthlineLogo --&gt;
  &lt;test thread-count=&quot;5&quot; name=&quot;HealthTopics&quot;&gt;
    &lt;classes&gt;
      &lt;class name=&quot;com.healthline.testscripts.HealthTopics&quot;/&gt;
    &lt;/classes&gt;
  &lt;/test&gt; &lt;!-- HealthTopics --&gt;
  &lt;test thread-count=&quot;5&quot; name=&quot;Latest Stories&quot;&gt;
    &lt;classes&gt;
      &lt;class name=&quot;com.healthline.testscripts.LatestStories&quot;/&gt;
    &lt;/classes&gt;
  &lt;/test&gt; &lt;!-- Latest Stories --&gt;
  &lt;test thread-count=&quot;5&quot; name=&quot;Search Bar&quot;&gt;
    &lt;classes&gt;
      &lt;class name=&quot;com.healthline.testscripts.SearchBar&quot;/&gt;
    &lt;/classes&gt;
  &lt;/test&gt; &lt;!-- Search Bar --&gt;
  &lt;test thread-count=&quot;5&quot; name=&quot;Subscribe&quot;&gt;
    &lt;classes&gt;
      &lt;class name=&quot;com.healthline.testscripts.Subscribe&quot;/&gt;
    &lt;/classes&gt;
  &lt;/test&gt; &lt;!-- Subscribe --&gt;
  &lt;test thread-count=&quot;5&quot; name=&quot;Trending Post&quot;&gt;
    &lt;classes&gt;
      &lt;class name=&quot;com.healthline.testscripts.TrendingPost&quot;/&gt;
    &lt;/classes&gt;
  &lt;/test&gt; &lt;!-- Trending Post --&gt;
&lt;/suite&gt; &lt;!-- Automation Practice Suite --&gt;
            </pre>
          </div> <!-- main-panel-content rounded-window-bottom -->
        </div> <!-- panel -->
        <div panel-name="testlist-Automation_Practice_Suite" class="panel">
          <div class="main-panel-header rounded-window-top">
            <span class="header-content">Tests for Automation Practice Suite</span>
          </div> <!-- main-panel-header rounded-window-top -->
          <div class="main-panel-content rounded-window-bottom">
            <ul>
              <li>
                <span class="test-name">Editors Pick (1 class)</span>
              </li>
              <li>
                <span class="test-name">FeaturedTopics (1 class)</span>
              </li>
              <li>
                <span class="test-name">HealthlineLogo (1 class)</span>
              </li>
              <li>
                <span class="test-name">HealthTopics (1 class)</span>
              </li>
              <li>
                <span class="test-name">Latest Stories (1 class)</span>
              </li>
              <li>
                <span class="test-name">Search Bar (1 class)</span>
              </li>
              <li>
                <span class="test-name">Subscribe (1 class)</span>
              </li>
              <li>
                <span class="test-name">Trending Post (1 class)</span>
              </li>
            </ul>
          </div> <!-- main-panel-content rounded-window-bottom -->
        </div> <!-- panel -->
        <div panel-name="group-Automation_Practice_Suite" class="panel">
          <div class="main-panel-header rounded-window-top">
            <span class="header-content">Groups for Automation Practice Suite</span>
          </div> <!-- main-panel-header rounded-window-top -->
          <div class="main-panel-content rounded-window-bottom">
          </div> <!-- main-panel-content rounded-window-bottom -->
        </div> <!-- panel -->
        <div panel-name="times-Automation_Practice_Suite" class="panel">
          <div class="main-panel-header rounded-window-top">
            <span class="header-content">Times for Automation Practice Suite</span>
          </div> <!-- main-panel-header rounded-window-top -->
          <div class="main-panel-content rounded-window-bottom">
            <div class="times-div">
              <script type="text/javascript">
suiteTableInitFunctions.push('tableData_Automation_Practice_Suite');
function tableData_Automation_Practice_Suite() {
var data = new google.visualization.DataTable();
data.addColumn('number', 'Number');
data.addColumn('string', 'Method');
data.addColumn('string', 'Class');
data.addColumn('number', 'Time (ms)');
data.addRows(10);
data.setCell(0, 0, 0)
data.setCell(0, 1, 'healthTopicsWithInvalidEmail')
data.setCell(0, 2, 'com.healthline.testscripts.HealthTopics')
data.setCell(0, 3, 9870);
data.setCell(1, 0, 1)
data.setCell(1, 1, 'latestStories')
data.setCell(1, 2, 'com.healthline.testscripts.LatestStories')
data.setCell(1, 3, 9113);
data.setCell(2, 0, 2)
data.setCell(2, 1, 'clickFunctionalityOfHealthlineLogo')
data.setCell(2, 2, 'com.healthline.testscripts.HealthlineLogo')
data.setCell(2, 3, 6113);
data.setCell(3, 0, 3)
data.setCell(3, 1, 'healthTopicsWithValidEmail')
data.setCell(3, 2, 'com.healthline.testscripts.HealthTopics')
data.setCell(3, 3, 6068);
data.setCell(4, 0, 4)
data.setCell(4, 1, 'editorsPickWork')
data.setCell(4, 2, 'com.healthline.testscripts.EditorsPick')
data.setCell(4, 3, 2157);
data.setCell(5, 0, 5)
data.setCell(5, 1, 'featuredTopicsWork')
data.setCell(5, 2, 'com.healthline.testscripts.FeaturedTopics')
data.setCell(5, 3, 1109);
data.setCell(6, 0, 6)
data.setCell(6, 1, 'searchBar')
data.setCell(6, 2, 'com.healthline.testscripts.SearchBar')
data.setCell(6, 3, 0);
data.setCell(7, 0, 7)
data.setCell(7, 1, 'subscribeFunctionalityWithValidEmail')
data.setCell(7, 2, 'com.healthline.testscripts.Subscribe')
data.setCell(7, 3, 0);
data.setCell(8, 0, 8)
data.setCell(8, 1, 'subscribeFunctionalityWithInvalidEmail')
data.setCell(8, 2, 'com.healthline.testscripts.Subscribe')
data.setCell(8, 3, 0);
data.setCell(9, 0, 9)
data.setCell(9, 1, 'trendingPostFunctionality')
data.setCell(9, 2, 'com.healthline.testscripts.TrendingPost')
data.setCell(9, 3, 0);
window.suiteTableData['Automation_Practice_Suite']= { tableData: data, tableDiv: 'times-div-Automation_Practice_Suite'}
return data;
}
              </script>
              <span class="suite-total-time">Total running time: 34 seconds</span>
              <div id="times-div-Automation_Practice_Suite">
              </div> <!-- times-div-Automation_Practice_Suite -->
            </div> <!-- times-div -->
          </div> <!-- main-panel-content rounded-window-bottom -->
        </div> <!-- panel -->
        <div panel-name="reporter-Automation_Practice_Suite" class="panel">
          <div class="main-panel-header rounded-window-top">
            <span class="header-content">Reporter output for Automation Practice Suite</span>
          </div> <!-- main-panel-header rounded-window-top -->
          <div class="main-panel-content rounded-window-bottom">
            <div class="reporter-method-div">
              <span class="reporter-method-name">clickFunctionalityOfHealthlineLogo</span>
              <div class="reporter-method-output-div">
                <span class="reporter-method-output"><br>----------Screenshot---------<br></span>
                <span class="reporter-method-output"><img src="./failure_screenshots/clickFunctionalityOfHealthlineLogo_06_04_2021_03_49_12.png" height="600" width="800"></span>
              </div> <!-- reporter-method-output-div -->
            </div> <!-- reporter-method-div -->
            <div class="reporter-method-div">
              <span class="reporter-method-name">healthTopicsWithValidEmail(test@gmail.com)</span>
              <div class="reporter-method-output-div">
                <span class="reporter-method-output"><br>----------Screenshot---------<br></span>
                <span class="reporter-method-output"><img src="./failure_screenshots/healthTopicsWithValidEmail_06_04_2021_03_49_50.png" height="600" width="800"></span>
              </div> <!-- reporter-method-output-div -->
            </div> <!-- reporter-method-div -->
          </div> <!-- main-panel-content rounded-window-bottom -->
        </div> <!-- panel -->
        <div panel-name="ignored-methods-Automation_Practice_Suite" class="panel">
          <div class="main-panel-header rounded-window-top">
            <span class="header-content">0 ignored methods</span>
          </div> <!-- main-panel-header rounded-window-top -->
          <div class="main-panel-content rounded-window-bottom">
          </div> <!-- main-panel-content rounded-window-bottom -->
        </div> <!-- panel -->
        <div panel-name="chronological-Automation_Practice_Suite" class="panel">
          <div class="main-panel-header rounded-window-top">
            <span class="header-content">Methods in chronological order</span>
          </div> <!-- main-panel-header rounded-window-top -->
          <div class="main-panel-content rounded-window-bottom">
            <div class="chronological-class">
              <div class="chronological-class-name">com.healthline.testscripts.EditorsPick</div> <!-- chronological-class-name -->
              <div class="configuration-method before">
                <span class="method-name">beforeMethod(chrome, https://www.healthline.com/)</span>
                <span class="method-start">0 ms</span>
              </div> <!-- configuration-method before -->
              <div class="test-method">
                <img src="failed.png">
                </img>
                <span class="method-name">editorsPickWork</span>
                <span class="method-start">4734 ms</span>
              </div> <!-- test-method -->
              <div class="configuration-method after">
                <span class="method-name">afterMethod</span>
                <span class="method-start">6966 ms</span>
              </div> <!-- configuration-method after -->
            </div> <!-- chronological-class -->
            <div class="chronological-class">
              <div class="chronological-class-name">com.healthline.testscripts.FeaturedTopics</div> <!-- chronological-class-name -->
              <div class="configuration-method before">
                <span class="method-name">beforeMethod(chrome, https://www.healthline.com/)</span>
                <span class="method-start">7498 ms</span>
              </div> <!-- configuration-method before -->
              <div class="test-method">
                <img src="failed.png">
                </img>
                <span class="method-name">featuredTopicsWork</span>
                <span class="method-start">11105 ms</span>
              </div> <!-- test-method -->
              <div class="configuration-method after">
                <span class="method-name">afterMethod</span>
                <span class="method-start">12264 ms</span>
              </div> <!-- configuration-method after -->
            </div> <!-- chronological-class -->
            <div class="chronological-class">
              <div class="chronological-class-name">com.healthline.testscripts.HealthlineLogo</div> <!-- chronological-class-name -->
              <div class="configuration-method before">
                <span class="method-name">beforeMethod(chrome, https://www.healthline.com/)</span>
                <span class="method-start">12697 ms</span>
              </div> <!-- configuration-method before -->
              <div class="test-method">
                <img src="failed.png">
                </img>
                <span class="method-name">clickFunctionalityOfHealthlineLogo</span>
                <span class="method-start">16464 ms</span>
              </div> <!-- test-method -->
              <div class="configuration-method after">
                <span class="method-name">afterMethod</span>
                <span class="method-start">22985 ms</span>
              </div> <!-- configuration-method after -->
            </div> <!-- chronological-class -->
            <div class="chronological-class">
              <div class="chronological-class-name">com.healthline.testscripts.HealthTopics</div> <!-- chronological-class-name -->
              <div class="configuration-method before">
                <span class="method-name">beforeMethod(chrome, https://www.healthline.com/)</span>
                <span class="method-start">23595 ms</span>
              </div> <!-- configuration-method before -->
              <div class="test-method">
                <img src="failed.png">
                </img>
                <span class="method-name">healthTopicsWithInvalidEmail(test.com)</span>
                <span class="method-start">27326 ms</span>
              </div> <!-- test-method -->
              <div class="configuration-method after">
                <span class="method-name">afterMethod</span>
                <span class="method-start">49314 ms</span>
              </div> <!-- configuration-method after -->
              <div class="configuration-method before">
                <span class="method-name">beforeMethod(chrome, https://www.healthline.com/)</span>
                <span class="method-start">49316 ms</span>
              </div> <!-- configuration-method before -->
              <div class="test-method">
                <img src="failed.png">
                </img>
                <span class="method-name">healthTopicsWithValidEmail(test@gmail.com)</span>
                <span class="method-start">54980 ms</span>
              </div> <!-- test-method -->
              <div class="configuration-method after">
                <span class="method-name">afterMethod</span>
                <span class="method-start">61496 ms</span>
              </div> <!-- configuration-method after -->
            </div> <!-- chronological-class -->
            <div class="chronological-class">
              <div class="chronological-class-name">com.healthline.testscripts.LatestStories</div> <!-- chronological-class-name -->
              <div class="configuration-method before">
                <span class="method-name">beforeMethod(chrome, https://www.healthline.com/)</span>
                <span class="method-start">61532 ms</span>
              </div> <!-- configuration-method before -->
              <div class="test-method">
                <img src="failed.png">
                </img>
                <span class="method-name">latestStories</span>
                <span class="method-start">65349 ms</span>
              </div> <!-- test-method -->
              <div class="configuration-method after">
                <span class="method-name">afterMethod</span>
                <span class="method-start">86586 ms</span>
              </div> <!-- configuration-method after -->
            </div> <!-- chronological-class -->
            <div class="chronological-class">
              <div class="chronological-class-name">com.healthline.testscripts.SearchBar</div> <!-- chronological-class-name -->
              <div class="configuration-method before">
                <img src="failed.png">
                </img>
                <span class="method-name">beforeMethod(chrome, https://www.healthline.com/)</span>
                <span class="method-start">86704 ms</span>
              </div> <!-- configuration-method before -->
              <div class="test-method">
                <span class="method-name">searchBar</span>
                <span class="method-start">94061 ms</span>
              </div> <!-- test-method -->
              <div class="configuration-method after">
                <span class="method-name">afterMethod</span>
                <span class="method-start">94066 ms</span>
              </div> <!-- configuration-method after -->
            </div> <!-- chronological-class -->
            <div class="chronological-class">
              <div class="chronological-class-name">com.healthline.testscripts.Subscribe</div> <!-- chronological-class-name -->
              <div class="configuration-method before">
                <img src="failed.png">
                </img>
                <span class="method-name">beforeMethod(chrome, https://www.healthline.com/)</span>
                <span class="method-start">94099 ms</span>
              </div> <!-- configuration-method before -->
              <div class="test-method">
                <span class="method-name">subscribeFunctionalityWithValidEmail(test@gmail.com)</span>
                <span class="method-start">101561 ms</span>
              </div> <!-- test-method -->
              <div class="configuration-method after">
                <span class="method-name">afterMethod</span>
                <span class="method-start">101566 ms</span>
              </div> <!-- configuration-method after -->
              <div class="configuration-method before">
                <span class="method-name">beforeMethod</span>
                <span class="method-start">101570 ms</span>
              </div> <!-- configuration-method before -->
              <div class="test-method">
                <span class="method-name">subscribeFunctionalityWithInvalidEmail(test.com)</span>
                <span class="method-start">101574 ms</span>
              </div> <!-- test-method -->
              <div class="configuration-method after">
                <span class="method-name">afterMethod</span>
                <span class="method-start">101578 ms</span>
              </div> <!-- configuration-method after -->
            </div> <!-- chronological-class -->
            <div class="chronological-class">
              <div class="chronological-class-name">com.healthline.testscripts.TrendingPost</div> <!-- chronological-class-name -->
              <div class="configuration-method before">
                <img src="failed.png">
                </img>
                <span class="method-name">beforeMethod(chrome, https://www.healthline.com/)</span>
                <span class="method-start">101618 ms</span>
              </div> <!-- configuration-method before -->
              <div class="test-method">
                <span class="method-name">trendingPostFunctionality</span>
                <span class="method-start">108914 ms</span>
              </div> <!-- test-method -->
              <div class="configuration-method after">
                <span class="method-name">afterMethod</span>
                <span class="method-start">108918 ms</span>
              </div> <!-- configuration-method after -->
          </div> <!-- main-panel-content rounded-window-bottom -->
        </div> <!-- panel -->
      </div> <!-- main-panel-root -->
    </div> <!-- wrapper -->
  </body>
<script type="text/javascript" src="testng-reports2.js"></script>
</html>
