<?xml version="1.0" encoding="UTF-8"?>
<!-- Generated by org.testng.reporters.JUnitXMLReporter -->
<testsuite ignored="0" hostname="DSK-323" failures="0" tests="1" name="Search Bar" time="7.37" errors="0" timestamp="2021-04-06T15:50:23 IST">
  <testcase classname="com.healthline.testscripts.SearchBar" name="@BeforeMethod beforeMethod" time="7.349">
    <failure type="org.openqa.selenium.WebDriverException" message="unknown error: Chrome failed to start: exited normally.
  (chrome not reachable)
  (The process started from chrome location C:\Program Files (x86)\Google\Chrome\Application\chrome.exe is no longer running, so ChromeDriver is assuming that Chrome has crashed.)
Build info: version: &amp;apos;3.141.59&amp;apos;, revision: &amp;apos;e82be7d358&amp;apos;, time: &amp;apos;2018-11-14T08:17:03&amp;apos;
System info: host: &amp;apos;DSK-323&amp;apos;, ip: &amp;apos;10.0.1.64&amp;apos;, os.name: &amp;apos;Windows 10&amp;apos;, os.arch: &amp;apos;amd64&amp;apos;, os.version: &amp;apos;10.0&amp;apos;, java.version: &amp;apos;16&amp;apos;
Driver info: driver.version: ChromeDriver
remote stacktrace: Backtrace:
	GetHandleVerifier [0x00A3B963+483]
	GetHandleVerifier [0x00A3B941+449]
	GetHandleVerifier [0x00DE3308+3832712]
	GetHandleVerifier [0x00DF9FA6+3926054]
	GetHandleVerifier [0x00DF7D9C+3917340]
	GetHandleVerifier [0x00E1E7FE+4075646]
	GetHandleVerifier [0x00E1E56C+4074988]
	GetHandleVerifier [0x00E1B2EB+4062059]
	GetHandleVerifier [0x00DFED14+3945876]
	GetHandleVerifier [0x00DFFBCE+3949646]
	GetHandleVerifier [0x00DFFB59+3949529]
	Ordinal0 [0x009FB5CC+46540]
	Ordinal0 [0x009F9F53+40787]
	Ordinal0 [0x009F9B12+39698]
	GetHandleVerifier [0x00D01468+2907368]
	GetHandleVerifier [0x00B471EE+1096302]
	GetHandleVerifier [0x00B03E8D+821005]
	GetHandleVerifier [0x00B0396B+819691]
	GetHandleVerifier [0x00B03881+819457]
	GetHandleVerifier [0x00B2F463+998627]
	BaseThreadInitThunk [0x75EFFA29+25]
	RtlGetAppContainerNamedObjectPath [0x774476B4+228]
	RtlGetAppContainerNamedObjectPath [0x77447684+180]
">
      <![CDATA[org.openqa.selenium.WebDriverException: unknown error: Chrome failed to start: exited normally.
  (chrome not reachable)
  (The process started from chrome location C:\Program Files (x86)\Google\Chrome\Application\chrome.exe is no longer running, so ChromeDriver is assuming that Chrome has crashed.)
Build info: version: '3.141.59', revision: 'e82be7d358', time: '2018-11-14T08:17:03'
System info: host: 'DSK-323', ip: '10.0.1.64', os.name: 'Windows 10', os.arch: 'amd64', os.version: '10.0', java.version: '16'
Driver info: driver.version: ChromeDriver
remote stacktrace: Backtrace:
GetHandleVerifier [0x00A3B963+483]
GetHandleVerifier [0x00A3B941+449]
GetHandleVerifier [0x00DE3308+3832712]
GetHandleVerifier [0x00DF9FA6+3926054]
GetHandleVerifier [0x00DF7D9C+3917340]
GetHandleVerifier [0x00E1E7FE+4075646]
GetHandleVerifier [0x00E1E56C+4074988]
GetHandleVerifier [0x00E1B2EB+4062059]
GetHandleVerifier [0x00DFED14+3945876]
GetHandleVerifier [0x00DFFBCE+3949646]
GetHandleVerifier [0x00DFFB59+3949529]
Ordinal0 [0x009FB5CC+46540]
Ordinal0 [0x009F9F53+40787]
Ordinal0 [0x009F9B12+39698]
GetHandleVerifier [0x00D01468+2907368]
GetHandleVerifier [0x00B471EE+1096302]
GetHandleVerifier [0x00B03E8D+821005]
GetHandleVerifier [0x00B0396B+819691]
GetHandleVerifier [0x00B03881+819457]
GetHandleVerifier [0x00B2F463+998627]
BaseThreadInitThunk [0x75EFFA29+25]
RtlGetAppContainerNamedObjectPath [0x774476B4+228]
RtlGetAppContainerNamedObjectPath [0x77447684+180]

at org.openqa.selenium.remote.W3CHandshakeResponse.lambda$errorHandler$0(W3CHandshakeResponse.java:62)
at org.openqa.selenium.remote.HandshakeResponse.lambda$getResponseFunction$0(HandshakeResponse.java:30)
at org.openqa.selenium.remote.ProtocolHandshake.lambda$createSession$0(ProtocolHandshake.java:126)
at java.base/java.util.stream.ReferencePipeline$3$1.accept(ReferencePipeline.java:197)
at java.base/java.util.Spliterators$ArraySpliterator.tryAdvance(Spliterators.java:958)
at java.base/java.util.stream.ReferencePipeline.forEachWithCancel(ReferencePipeline.java:129)
at java.base/java.util.stream.AbstractPipeline.copyIntoWithCancel(AbstractPipeline.java:502)
at java.base/java.util.stream.AbstractPipeline.copyInto(AbstractPipeline.java:488)
at java.base/java.util.stream.AbstractPipeline.wrapAndCopyInto(AbstractPipeline.java:474)
at java.base/java.util.stream.FindOps$FindOp.evaluateSequential(FindOps.java:150)
at java.base/java.util.stream.AbstractPipeline.evaluate(AbstractPipeline.java:234)
at java.base/java.util.stream.ReferencePipeline.findFirst(ReferencePipeline.java:647)
at org.openqa.selenium.remote.ProtocolHandshake.createSession(ProtocolHandshake.java:128)
at org.openqa.selenium.remote.ProtocolHandshake.createSession(ProtocolHandshake.java:74)
at org.openqa.selenium.remote.HttpCommandExecutor.execute(HttpCommandExecutor.java:136)
at org.openqa.selenium.remote.service.DriverCommandExecutor.execute(DriverCommandExecutor.java:83)
at org.openqa.selenium.remote.RemoteWebDriver.execute(RemoteWebDriver.java:552)
at org.openqa.selenium.remote.RemoteWebDriver.startSession(RemoteWebDriver.java:213)
at org.openqa.selenium.remote.RemoteWebDriver.<init>(RemoteWebDriver.java:131)
at org.openqa.selenium.chrome.ChromeDriver.<init>(ChromeDriver.java:181)
at org.openqa.selenium.chrome.ChromeDriver.<init>(ChromeDriver.java:168)
at org.openqa.selenium.chrome.ChromeDriver.<init>(ChromeDriver.java:123)
at utils.SetupEnvironment.driverReturn(SetupEnvironment.java:26)
at com.healthline.testscripts.SearchBar.beforeMethod(SearchBar.java:17)
at java.base/java.util.ArrayList.forEach(ArrayList.java:1511)
... Removed 36 stack frames]]>
    </failure>
  </testcase> <!-- @BeforeMethod beforeMethod -->
  <testcase classname="com.healthline.testscripts.SearchBar" name="@AfterMethod afterMethod" time="-1.617704423639E9">
    <skipped/>
  </testcase> <!-- @AfterMethod afterMethod -->
  <testcase classname="com.healthline.testscripts.SearchBar" name="searchBar" time="0.0">
    <skipped/>
  </testcase> <!-- searchBar -->
</testsuite> <!-- Search Bar -->
