<?xml version="1.0" encoding="UTF-8"?>
<!-- Generated by org.testng.reporters.JUnitReportReporter -->
<testsuite hostname="DSK-323" failures="0" tests="3" name="com.healthline.testscripts.Subscribe" time="7.451" errors="1" timestamp="2021-04-06T15:50:38 IST" skipped="2">
  <testcase classname="com.healthline.testscripts.Subscribe" name="beforeMethod" time="7.451">
    <error message="unknown error: Chrome failed to start: exited normally.
  (chrome not reachable)
  (The process started from chrome location C:\Program Files (x86)\Google\Chrome\Application\chrome.exe is no longer running, so ChromeDriver is assuming that Chrome has crashed.)
Build info: version: &#039;3.141.59&#039;, revision: &#039;e82be7d358&#039;, time: &#039;2018-11-14T08:17:03&#039;
System info: host: &#039;DSK-323&#039;, ip: &#039;10.0.1.64&#039;, os.name: &#039;Windows 10&#039;, os.arch: &#039;amd64&#039;, os.version: &#039;10.0&#039;, java.version: &#039;16&#039;
Driver info: driver.version: ChromeDriver
remote stacktrace: Backtrace:
	GetHandleVerifier [0x00A3B963+483]
	GetHandleVerifier [0x00A3B941+449]
	GetHandleVerifier [0x00DE3308+3832712]
	GetHandleVerifier [0x00DF9FA6+3926054]
	GetHandleVerifier [0x00DF7D9C+3917340]
	GetHandleVerifier [0x00E1E7FE+4075646]
	GetHandleVerifier [0x00E1E56C+4074988]
	GetHandleVerifier [0x00E1B2EB+4062059]
	GetHandleVerifier [0x00DFED14+3945876]
	GetHandleVerifier [0x00DFFBCE+3949646]
	GetHandleVerifier [0x00DFFB59+3949529]
	Ordinal0 [0x009FB5CC+46540]
	Ordinal0 [0x009F9F53+40787]
	Ordinal0 [0x009F9B12+39698]
	GetHandleVerifier [0x00D01468+2907368]
	GetHandleVerifier [0x00B471EE+1096302]
	GetHandleVerifier [0x00B03E8D+821005]
	GetHandleVerifier [0x00B0396B+819691]
	GetHandleVerifier [0x00B03881+819457]
	GetHandleVerifier [0x00B2F463+998627]
	BaseThreadInitThunk [0x75EFFA29+25]
	RtlGetAppContainerNamedObjectPath [0x774476B4+228]
	RtlGetAppContainerNamedObjectPath [0x77447684+180]
" type="org.openqa.selenium.WebDriverException">
      <![CDATA[org.openqa.selenium.WebDriverException: unknown error: Chrome failed to start: exited normally.
  (chrome not reachable)
  (The process started from chrome location C:\Program Files (x86)\Google\Chrome\Application\chrome.exe is no longer running, so ChromeDriver is assuming that Chrome has crashed.)
Build info: version: '3.141.59', revision: 'e82be7d358', time: '2018-11-14T08:17:03'
System info: host: 'DSK-323', ip: '10.0.1.64', os.name: 'Windows 10', os.arch: 'amd64', os.version: '10.0', java.version: '16'
Driver info: driver.version: ChromeDriver
remote stacktrace: Backtrace:
GetHandleVerifier [0x00A3B963+483]
GetHandleVerifier [0x00A3B941+449]
GetHandleVerifier [0x00DE3308+3832712]
GetHandleVerifier [0x00DF9FA6+3926054]
GetHandleVerifier [0x00DF7D9C+3917340]
GetHandleVerifier [0x00E1E7FE+4075646]
GetHandleVerifier [0x00E1E56C+4074988]
GetHandleVerifier [0x00E1B2EB+4062059]
GetHandleVerifier [0x00DFED14+3945876]
GetHandleVerifier [0x00DFFBCE+3949646]
GetHandleVerifier [0x00DFFB59+3949529]
Ordinal0 [0x009FB5CC+46540]
Ordinal0 [0x009F9F53+40787]
Ordinal0 [0x009F9B12+39698]
GetHandleVerifier [0x00D01468+2907368]
GetHandleVerifier [0x00B471EE+1096302]
GetHandleVerifier [0x00B03E8D+821005]
GetHandleVerifier [0x00B0396B+819691]
GetHandleVerifier [0x00B03881+819457]
GetHandleVerifier [0x00B2F463+998627]
BaseThreadInitThunk [0x75EFFA29+25]
RtlGetAppContainerNamedObjectPath [0x774476B4+228]
RtlGetAppContainerNamedObjectPath [0x77447684+180]

at java.base/jdk.internal.reflect.NativeConstructorAccessorImpl.newInstance0(Native Method)
at java.base/jdk.internal.reflect.NativeConstructorAccessorImpl.newInstance(NativeConstructorAccessorImpl.java:78)
at java.base/jdk.internal.reflect.DelegatingConstructorAccessorImpl.newInstance(DelegatingConstructorAccessorImpl.java:45)
at java.base/java.lang.reflect.Constructor.newInstanceWithCaller(Constructor.java:499)
at java.base/java.lang.reflect.Constructor.newInstance(Constructor.java:480)
at org.openqa.selenium.remote.W3CHandshakeResponse.lambda$errorHandler$0(W3CHandshakeResponse.java:62)
at org.openqa.selenium.remote.HandshakeResponse.lambda$getResponseFunction$0(HandshakeResponse.java:30)
at org.openqa.selenium.remote.ProtocolHandshake.lambda$createSession$0(ProtocolHandshake.java:126)
at java.base/java.util.stream.ReferencePipeline$3$1.accept(ReferencePipeline.java:197)
at java.base/java.util.Spliterators$ArraySpliterator.tryAdvance(Spliterators.java:958)
at java.base/java.util.stream.ReferencePipeline.forEachWithCancel(ReferencePipeline.java:129)
at java.base/java.util.stream.AbstractPipeline.copyIntoWithCancel(AbstractPipeline.java:502)
at java.base/java.util.stream.AbstractPipeline.copyInto(AbstractPipeline.java:488)
at java.base/java.util.stream.AbstractPipeline.wrapAndCopyInto(AbstractPipeline.java:474)
at java.base/java.util.stream.FindOps$FindOp.evaluateSequential(FindOps.java:150)
at java.base/java.util.stream.AbstractPipeline.evaluate(AbstractPipeline.java:234)
at java.base/java.util.stream.ReferencePipeline.findFirst(ReferencePipeline.java:647)
at org.openqa.selenium.remote.ProtocolHandshake.createSession(ProtocolHandshake.java:128)
at org.openqa.selenium.remote.ProtocolHandshake.createSession(ProtocolHandshake.java:74)
at org.openqa.selenium.remote.HttpCommandExecutor.execute(HttpCommandExecutor.java:136)
at org.openqa.selenium.remote.service.DriverCommandExecutor.execute(DriverCommandExecutor.java:83)
at org.openqa.selenium.remote.RemoteWebDriver.execute(RemoteWebDriver.java:552)
at org.openqa.selenium.remote.RemoteWebDriver.startSession(RemoteWebDriver.java:213)
at org.openqa.selenium.remote.RemoteWebDriver.<init>(RemoteWebDriver.java:131)
at org.openqa.selenium.chrome.ChromeDriver.<init>(ChromeDriver.java:181)
at org.openqa.selenium.chrome.ChromeDriver.<init>(ChromeDriver.java:168)
at org.openqa.selenium.chrome.ChromeDriver.<init>(ChromeDriver.java:123)
at utils.SetupEnvironment.driverReturn(SetupEnvironment.java:26)
at com.healthline.testscripts.Subscribe.beforeMethod(Subscribe.java:38)
at java.base/jdk.internal.reflect.NativeMethodAccessorImpl.invoke0(Native Method)
at java.base/jdk.internal.reflect.NativeMethodAccessorImpl.invoke(NativeMethodAccessorImpl.java:78)
at java.base/jdk.internal.reflect.DelegatingMethodAccessorImpl.invoke(DelegatingMethodAccessorImpl.java:43)
at java.base/java.lang.reflect.Method.invoke(Method.java:567)
at org.testng.internal.MethodInvocationHelper.invokeMethod(MethodInvocationHelper.java:132)
at org.testng.internal.MethodInvocationHelper.invokeMethodConsideringTimeout(MethodInvocationHelper.java:61)
at org.testng.internal.ConfigInvoker.invokeConfigurationMethod(ConfigInvoker.java:366)
at org.testng.internal.ConfigInvoker.invokeConfigurations(ConfigInvoker.java:320)
at org.testng.internal.TestInvoker.runConfigMethods(TestInvoker.java:701)
at org.testng.internal.TestInvoker.invokeMethod(TestInvoker.java:527)
at org.testng.internal.TestInvoker.invokeTestMethod(TestInvoker.java:174)
at org.testng.internal.MethodRunner.runInSequence(MethodRunner.java:46)
at org.testng.internal.TestInvoker$MethodInvocationAgent.invoke(TestInvoker.java:822)
at org.testng.internal.TestInvoker.invokeTestMethods(TestInvoker.java:147)
at org.testng.internal.TestMethodWorker.invokeTestMethods(TestMethodWorker.java:146)
at org.testng.internal.TestMethodWorker.run(TestMethodWorker.java:128)
at java.base/java.util.ArrayList.forEach(ArrayList.java:1511)
at org.testng.TestRunner.privateRun(TestRunner.java:764)
at org.testng.TestRunner.run(TestRunner.java:585)
at org.testng.SuiteRunner.runTest(SuiteRunner.java:384)
at org.testng.SuiteRunner.runSequentially(SuiteRunner.java:378)
at org.testng.SuiteRunner.privateRun(SuiteRunner.java:337)
at org.testng.SuiteRunner.run(SuiteRunner.java:286)
at org.testng.SuiteRunnerWorker.runSuite(SuiteRunnerWorker.java:53)
at org.testng.SuiteRunnerWorker.run(SuiteRunnerWorker.java:96)
at org.testng.TestNG.runSuitesSequentially(TestNG.java:1218)
at org.testng.TestNG.runSuitesLocally(TestNG.java:1140)
at org.testng.TestNG.runSuites(TestNG.java:1069)
at org.testng.TestNG.run(TestNG.java:1037)
at org.testng.remote.AbstractRemoteTestNG.run(AbstractRemoteTestNG.java:115)
at org.testng.remote.RemoteTestNG.initAndRun(RemoteTestNG.java:251)
at org.testng.remote.RemoteTestNG.main(RemoteTestNG.java:77)
]]>
    </error>
  </testcase> <!-- beforeMethod -->
  <system-out>
<b>Starting browser : chrome</b> <br />  </system-out>
  <testcase classname="com.healthline.testscripts.Subscribe" name="subscribeFunctionalityWithValidEmail" time="0.000">
    <skipped/>
  </testcase> <!-- subscribeFunctionalityWithValidEmail -->
  <system-out/>
  <testcase classname="com.healthline.testscripts.Subscribe" name="subscribeFunctionalityWithInvalidEmail" time="0.000">
    <skipped/>
  </testcase> <!-- subscribeFunctionalityWithInvalidEmail -->
  <system-out/>
</testsuite> <!-- com.healthline.testscripts.Subscribe -->
